http://aurized-studio.jp/,
2018/07/26 02:08,뒞,2,*.dion.ne.jp,http://aurized-studio.jp/log/log.cgi,Mozilla/5.0 (Macintosh; Intel Mac OS X 10_13_6) AppleWebKit/537.36 (KHTML&#44; like Gecko) Chrome/68.0.3440.75 Safari/537.36,,2018/06/25 22:10
2018/07/25 22:10,낸,22,*.dion.ne.jp,,Mozilla/5.0 (Macintosh; Intel Mac OS X 10_13_6) AppleWebKit/537.36 (KHTML&#44; like Gecko) Chrome/68.0.3440.75 Safari/537.36,,0
2018/07/25 12:11,낸,12,*.dion.ne.jp,,Mozilla/5.0 (Windows NT 10.0; Win64; x64) AppleWebKit/537.36 (KHTML&#44; like Gecko) Chrome/68.0.3440.75 Safari/537.36,,0
2018/07/25 12:11,낸,12,*.compute.amazonaws.com,,Mozilla/5.0 (X11; Linux x86_64) AppleWebKit/537.36 (KHTML&#44; like Gecko) HeadlessChrome/64.0.3282.167 Safari/537.36,,0
2018/07/23 11:42,깵,11,*.search.msn.com,,Mozilla/5.0 (iPhone; CPU iPhone OS 7_0 like Mac OS X) AppleWebKit/537.51.1 (KHTML&#44; like Gecko) Version/7.0 Mobile/11A465 Safari/9537.53 BingPreview/1.0b,,0
2018/07/21 13:30,늧,13,*.static.cnode.io,,Mozilla/5.0 (compatible; Mappy/1.0; +http://mappydata.net/bot/),,0
2018/07/13 14:11,,14,*.nttpc.ne.jp,,Mozilla/5.0 (Windows NT 6.1; WOW64; Trident/7.0; rv:11.0) like Gecko,,0
2018/07/13 03:17,,3,*.access-internet.ne.jp,,Mozilla/5.0 (Macintosh; Intel Mac OS X 10_11_6) AppleWebKit/537.36 (KHTML&#44; like Gecko) Chrome/67.0.3396.99 Safari/537.36,,0
2018/07/11 12:52,낸,12,*.asahi-net.or.jp,,Mozilla/5.0 (iPhone; CPU iPhone OS 11_4 like Mac OS X) AppleWebKit/605.1.15 (KHTML&#44; like Gecko) Version/11.0 Mobile/15E148 Safari/604.1,,0
2018/07/09 14:58,깵,14,*.ocn.ne.jp,http://imitsu.jp/external?,Mozilla/5.0 (Windows NT 6.1) AppleWebKit/537.36 (KHTML&#44; like Gecko) Chrome/67.0.3396.99 Safari/537.36,,0
2018/07/03 14:50,괉,14,*.ap.gmobb-fix.jp,,Mozilla/5.0 (Windows NT 10.0; Win64; x64) AppleWebKit/537.36 (KHTML&#44; like Gecko) Chrome/67.0.3396.99 Safari/537.36,,0
2018/07/03 11:51,괉,11,*.ocn.ne.jp,,Mozilla/5.0 (Windows NT 10.0; WOW64; Trident/7.0; rv:11.0) like Gecko,,0
2018/07/01 21:35,,21,*.ocn.ne.jp,,Mozilla/5.0 (Windows NT 6.1; rv:61.0) Gecko/20100101 Firefox/61.0,,0
2018/06/29 19:22,,19,*.e-catv.ne.jp,,Mozilla/5.0 (Windows NT 6.1) AppleWebKit/537.36 (KHTML&#44; like Gecko) Chrome/66.0.3359.181 Safari/537.36,,0
2018/06/28 13:50,뒞,13,*.ocn.ne.jp,http://imitsu.jp/external?,Mozilla/5.0 (Windows NT 10.0; Win64; x64; rv:60.0) Gecko/20100101 Firefox/60.0,,0
2018/06/26 21:56,괉,21,,,Mozilla/5.0 (compatible; MSIE 9.0; Windows NT 6.1; Trident/5.0;  Trident/5.0),,0
2018/06/25 16:19,깵,16,*.ocn.ne.jp,http://imitsu.jp/external?,Mozilla/5.0 (Macintosh; Intel Mac OS X 10.9; rv:60.0) Gecko/20100101 Firefox/60.0,,0
2018/06/24 19:57,,19,*.access-internet.ne.jp,,Mozilla/5.0 (Macintosh; Intel Mac OS X 10_11_6) AppleWebKit/537.36 (KHTML&#44; like Gecko) Chrome/67.0.3396.87 Safari/537.36,,0
2018/06/20 16:13,낸,16,,https://www.google.co.jp/,Mozilla/5.0 (Windows NT 10.0; Win64; x64) AppleWebKit/537.36 (KHTML&#44; like Gecko) Chrome/67.0.3396.87 Safari/537.36,,0
2018/06/16 04:02,늧,4,*.dion.ne.jp,http://aurized-studio.jp/log/log.cgi,Mozilla/5.0 (Macintosh; Intel Mac OS X 10_13_5) AppleWebKit/537.36 (KHTML&#44; like Gecko) Chrome/67.0.3396.87 Safari/537.36,,2018/05/06 12:10
2018/06/14 18:49,뒞,18,*.ap.gmobb-fix.jp,https://www.google.co.jp/,Mozilla/5.0 (Macintosh; Intel Mac OS X 10_13_5) AppleWebKit/537.36 (KHTML&#44; like Gecko) Chrome/66.0.3359.181 Safari/537.36,,0
2018/06/14 14:26,뒞,14,*.toppan.co.jp,,Mozilla/5.0 (Windows NT 6.1; Win64; x64) AppleWebKit/537.36 (KHTML&#44; like Gecko) Chrome/66.0.3359.181 Safari/537.36,,0
2018/06/10 15:17,,15,*.access-internet.ne.jp,,Mozilla/5.0 (Macintosh; Intel Mac OS X 10_11_6) AppleWebKit/537.36 (KHTML&#44; like Gecko) Chrome/66.0.3359.181 Safari/537.36,,0
2018/06/07 15:02,뒞,15,*.static.cnode.io,,Mozilla/5.0 (compatible; Mappy/1.0; +http://mappydata.net/bot/),,0
2018/06/06 12:10,낸,12,*.dion.ne.jp,http://aurized-studio.jp/log/log.cgi,Mozilla/5.0 (Macintosh; Intel Mac OS X 10_13_4) AppleWebKit/537.36 (KHTML&#44; like Gecko) Chrome/66.0.3359.181 Safari/537.36,,2018/04/17 23:34
2018/06/05 15:55,괉,15,*.ap.nuro.jp,https://www.google.co.jp/,Mozilla/5.0 (Windows NT 10.0; Win64; x64) AppleWebKit/537.36 (KHTML&#44; like Gecko) Chrome/66.0.3359.181 Safari/537.36,,0
2018/06/05 00:21,괉,0,*.compute-1.amazonaws.com,,Mozilla/5.0 (Windows; U; Windows NT 5.1; en-US) AppleWebKit/537.36 (KHTML&#44; like Gecko) Chrome/27.0.1453.116 Safari/537.36 HubSpot Webcrawler - web-crawlers@hubspot.com,,0
2018/06/05 00:20,괉,0,*.compute-1.amazonaws.com,,Mozilla/5.0 (Windows; U; Windows NT 5.1; en-US) AppleWebKit/537.36 (KHTML&#44; like Gecko) Chrome/27.0.1453.116 Safari/537.36 HubSpot Webcrawler - web-crawlers@hubspot.com,,0
2018/06/04 17:51,깵,17,*.so-net.ne.jp,,Mozilla/5.0 (Windows NT 10.0; Win64; x64) AppleWebKit/537.36 (KHTML&#44; like Gecko) Chrome/66.0.3359.181 Safari/537.36,,0
2018/06/01 16:23,,16,*.ocn.ne.jp,,Mozilla/5.0 (Macintosh; Intel Mac OS X 10_10_5) AppleWebKit/537.36 (KHTML&#44; like Gecko) Chrome/66.0.3359.181 Safari/537.36,,0
2018/05/31 20:09,뒞,20,*.int.mynavi.jp,,Mozilla/5.0 (Windows NT 6.1; Win64; x64) AppleWebKit/537.36 (KHTML&#44; like Gecko) Chrome/66.0.3359.181 Safari/537.36,,0
2018/05/30 14:30,낸,14,,,Mozilla/5.0 (Windows NT 6.1; WOW64) AppleWebKit/534+ (KHTML&#44; like Gecko) BingPreview/1.0b,,0
2018/05/27 21:37,,21,*.access-internet.ne.jp,,Mozilla/5.0 (Macintosh; Intel Mac OS X 10_11_6) AppleWebKit/537.36 (KHTML&#44; like Gecko) Chrome/66.0.3359.181 Safari/537.36,,0
2018/05/25 07:57,,7,,,Mozilla/5.0 (Windows NT 6.1; WOW64) AppleWebKit/534+ (KHTML&#44; like Gecko) BingPreview/1.0b,,0
2018/05/25 00:18,,0,*.access-internet.ne.jp,,Mozilla/5.0 (Macintosh; Intel Mac OS X 10_11_6) AppleWebKit/537.36 (KHTML&#44; like Gecko) Chrome/66.0.3359.181 Safari/537.36,,0
2018/05/23 05:40,낸,5,*.us.archive.org,,Mozilla/5.0 (compatible; archive.org_bot +http://www.archive.org/details/archive.org_bot),,0
2018/05/17 23:34,뒞,23,*.dion.ne.jp,http://aurized-studio.jp/log/log.cgi,Mozilla/5.0 (Macintosh; Intel Mac OS X 10_13_4) AppleWebKit/537.36 (KHTML&#44; like Gecko) Chrome/66.0.3359.181 Safari/537.36,,0
2018/05/17 14:24,뒞,14,*.home.ne.jp,http://imitsu.jp/external?,Mozilla/5.0 (Windows NT 6.1; Win64; x64) AppleWebKit/537.36 (KHTML&#44; like Gecko) Chrome/66.0.3359.139 Safari/537.36,,0
2018/05/16 10:53,낸,10,*.ap.nuro.jp,,Mozilla/5.0 (Windows NT 10.0; Win64; x64) AppleWebKit/537.36 (KHTML&#44; like Gecko) Chrome/66.0.3359.170 Safari/537.36,,0
2018/05/14 13:15,깵,13,*.access-internet.ne.jp,,Mozilla/5.0 (Macintosh; Intel Mac OS X 10_11_6) AppleWebKit/537.36 (KHTML&#44; like Gecko) Chrome/66.0.3359.139 Safari/537.36,,0
2018/05/14 11:50,깵,11,*.ucom.ne.jp,https://www.google.co.jp/,Mozilla/5.0 (Macintosh; Intel Mac OS X 10_13_4) AppleWebKit/537.36 (KHTML&#44; like Gecko) Chrome/66.0.3359.139 Safari/537.36,,0
2018/05/10 10:14,뒞,10,*.dy.bbexcite.jp,https://www.google.co.jp/,Mozilla/5.0 (Macintosh; Intel Mac OS X 10_13_4) AppleWebKit/537.36 (KHTML&#44; like Gecko) Chrome/66.0.3359.139 Safari/537.36,,2018/03/11 14:34
2018/05/09 17:14,낸,17,*.access-internet.ne.jp,,Mozilla/5.0 (Macintosh; Intel Mac OS X 10_11_6) AppleWebKit/537.36 (KHTML&#44; like Gecko) Chrome/66.0.3359.139 Safari/537.36,,0
2018/05/05 21:18,늧,21,*.evercompliant.com,,Mozilla/5.0 (Windows NT 10.0; WOW64) AppleWebKit/537.36 (KHTML&#44; like Gecko) Chrome/52.0.2743.116 Safari/537.36,,0
2018/05/05 21:18,늧,21,*.evercompliant.com,,Mozilla/5.0 (Windows NT 10.0; WOW64) AppleWebKit/537.36 (KHTML&#44; like Gecko) Chrome/52.0.2743.116 Safari/537.36,,0
2018/05/05 16:37,늧,16,*.google.com,https://www.google.co.jp/,Mozilla/5.0 (Linux; Android 7.0; LGV34 Build/NRD90U) AppleWebKit/537.36 (KHTML&#44; like Gecko) Chrome/65.0.3325.109 Mobile Safari/537.36,,0
2018/05/03 16:09,뒞,16,*.au-net.ne.jp,,Mozilla/5.0 (Windows NT 10.0; Win64; x64) AppleWebKit/537.36 (KHTML&#44; like Gecko) Chrome/66.0.3359.139 Safari/537.36,,0
2018/05/02 11:12,낸,11,*.vectant.ne.jp,,Mozilla/5.0 (Windows NT 6.3; Win64; x64) AppleWebKit/537.36 (KHTML&#44; like Gecko) Chrome/66.0.3359.139 Safari/537.36,,0
2018/05/01 12:45,괉,12,*.ocn.ne.jp,,Mozilla/5.0 (iPhone; CPU iPhone OS 11_1_2 like Mac OS X) AppleWebKit/604.3.5 (KHTML&#44; like Gecko) Version/11.0 Mobile/15B202 Safari/604.1,,0
2018/04/27 16:42,,16,*.static.cnode.io,,Mozilla/5.0 (compatible; Mappy/1.0; +http://mappydata.net/bot/),,0
2018/04/24 21:35,괉,21,*.dion.ne.jp,https://www.bing.com/,Mozilla/5.0 (Windows NT 6.1; Win64; x64) AppleWebKit/537.36 (KHTML&#44; like Gecko) Chrome/66.0.3359.117 Safari/537.36,,0
2018/04/24 09:49,괉,9,*.mesh.ad.jp,,Mozilla/5.0 (Windows NT 10.0; Win64; x64) AppleWebKit/537.36 (KHTML&#44; like Gecko) Chrome/58.0.3029.110 Safari/537.36 Edge/16.16299,,0
2018/04/20 17:38,,17,*.eaccess.ne.jp,,Mozilla/5.0 (Windows NT 6.1; Win64; x64) AppleWebKit/537.36 (KHTML&#44; like Gecko) Chrome/66.0.3359.117 Safari/537.36,,0
2018/04/17 12:43,괉,12,,,Mozilla/5.0 (Windows NT 6.1; Win64; x64) AppleWebKit/537.36 (KHTML&#44; like Gecko) Chrome/63.0.3239.84 Safari/537.36,,0
2018/04/13 09:10,,9,*.nttpc.ne.jp,,Mozilla/5.0 (Macintosh; Intel Mac OS X 10_13_4) AppleWebKit/537.36 (KHTML&#44; like Gecko) Chrome/65.0.3325.181 Safari/537.36,,0
2018/04/11 15:45,낸,15,*.dy.bbexcite.jp,,Mozilla/5.0 (Macintosh; Intel Mac OS X 10.13; rv:59.0) Gecko/20100101 Firefox/59.0,,2018/03/11 14:43
2018/04/11 14:43,낸,14,*.dy.bbexcite.jp,,Mozilla/5.0 (Macintosh; Intel Mac OS X 10.13; rv:59.0) Gecko/20100101 Firefox/59.0,,0
2018/04/11 14:38,낸,14,*.dy.bbexcite.jp,,Mozilla/5.0 (Macintosh; Intel Mac OS X 10_13_2) AppleWebKit/537.36 (KHTML&#44; like Gecko) Chrome/64.0.3282.186 Safari/537.36,,0
2018/04/11 14:34,낸,14,*.dy.bbexcite.jp,https://www.google.co.jp/,Mozilla/5.0 (Macintosh; Intel Mac OS X 10_13_3) AppleWebKit/537.36 (KHTML&#44; like Gecko) Chrome/65.0.3325.181 Safari/537.36,,2018/03/09 10:04
2018/04/10 18:28,괉,18,*.so-net.ne.jp,,Mozilla/5.0 (Windows NT 10.0; Win64; x64) AppleWebKit/537.36 (KHTML&#44; like Gecko) Chrome/65.0.3325.181 Safari/537.36,,0
2018/04/10 12:09,괉,12,*.dion.ne.jp,,Mozilla/5.0 (Windows NT 10.0; Win64; x64) AppleWebKit/537.36 (KHTML&#44; like Gecko) Chrome/65.0.3325.181 Safari/537.36,,0
2018/04/10 03:52,괉,3,*.compute-1.amazonaws.com,,Mozilla/5.0 (iPad; CPU OS 9_1 like Mac OS X) AppleWebKit/601.1.46 (KHTML&#44; like Gecko) Version/9.0 Mobile/13B143 Safari/601.1,,0
2018/04/10 03:52,괉,3,*.compute-1.amazonaws.com,,Mozilla/5.0 (Macintosh; Intel Mac OS X 10_11_6) AppleWebKit/537.36 (KHTML&#44; like Gecko) Chrome/60.0.3112.113 Safari/537.36,,0
2018/04/09 13:40,깵,13,*.ocn.ne.jp,http://t.co/4AFKF7bV1t,Mozilla/5.0 (Windows NT 10.0; Win64; x64; rv:59.0) Gecko/20100101 Firefox/59.0,,0
2018/04/09 10:04,깵,10,*.dy.bbexcite.jp,,Mozilla/5.0 (Macintosh; Intel Mac OS X 10_13_3) AppleWebKit/537.36 (KHTML&#44; like Gecko) Chrome/65.0.3325.181 Safari/537.36,,0
2018/04/07 20:42,늧,20,*.dion.ne.jp,http://aurized-studio.jp/log/log.cgi,Mozilla/5.0 (Macintosh; Intel Mac OS X 10_13_4) AppleWebKit/537.36 (KHTML&#44; like Gecko) Chrome/65.0.3325.181 Safari/537.36,,2018/03/06 16:47
2018/04/07 17:58,늧,17,*.dion.ne.jp,http://t.co/4AFKF7bV1t,Mozilla/5.0 (Windows NT 10.0; Win64; x64) AppleWebKit/537.36 (KHTML&#44; like Gecko) Chrome/65.0.3325.181 Safari/537.36,,0
2018/04/06 16:47,,16,*.dion.ne.jp,http://aurized-studio.jp/log/log.cgi,Mozilla/5.0 (Macintosh; Intel Mac OS X 10_13_3) AppleWebKit/537.36 (KHTML&#44; like Gecko) Chrome/65.0.3325.181 Safari/537.36,,2018/03/06 14:32
2018/04/06 14:32,,14,*.dion.ne.jp,http://aurized-studio.jp/log/log.cgi,Mozilla/5.0 (Macintosh; Intel Mac OS X 10_13_3) AppleWebKit/537.36 (KHTML&#44; like Gecko) Chrome/65.0.3325.181 Safari/537.36,,2018/02/15 15:32
2018/04/06 12:01,,12,*.dy.bbexcite.jp,,Mozilla/5.0 (Macintosh; Intel Mac OS X 10_10_5) AppleWebKit/537.36 (KHTML&#44; like Gecko) Chrome/65.0.3325.181 Safari/537.36,,0
2018/04/05 18:12,뒞,18,*.au-net.ne.jp,https://search.yahoo.co.jp/,Mozilla/5.0 (iPhone; CPU iPhone OS 11_2_1 like Mac OS X) AppleWebKit/604.4.7 (KHTML&#44; like Gecko) Version/11.0 Mobile/15C153 Safari/604.1,,0
2018/04/05 16:47,뒞,16,*.spmode.ne.jp,,Mozilla/5.0 (iPhone; CPU iPhone OS 7_1_2 like Mac OS X) AppleWebKit/537.51.2 (KHTML&#44; like Gecko) GSA/10.0.63022 Mobile/11D257 Safari/9537.53,,0
2018/03/31 00:07,늧,0,*.search.msn.com,,Mozilla/5.0 (Windows NT 6.1; WOW64) AppleWebKit/534+ (KHTML&#44; like Gecko) BingPreview/1.0b,,0
2018/03/30 10:22,,10,*.dion.ne.jp,http://t.co/4AFKF7bV1t,Mozilla/5.0 (Windows NT 10.0; Win64; x64) AppleWebKit/537.36 (KHTML&#44; like Gecko) Chrome/65.0.3325.181 Safari/537.36,,0
2018/03/30 00:48,,0,*.access-internet.ne.jp,,Mozilla/5.0 (Macintosh; Intel Mac OS X 10_11_6) AppleWebKit/537.36 (KHTML&#44; like Gecko) Chrome/65.0.3325.181 Safari/537.36,,0
2018/03/28 20:37,낸,20,*.bbtec.net,https://www.google.co.jp/,Mozilla/5.0 (iPhone; CPU iPhone OS 11_2_6 like Mac OS X) AppleWebKit/604.5.6 (KHTML&#44; like Gecko) Version/11.0 Mobile/15D100 Safari/604.1,,0
2018/03/27 17:50,괉,17,*.rev.vmobile.jp,,Mozilla/5.0 (Linux; Android 5.1.1; HUAWEI KII-L22 Build/HUAWEIKII-L22) AppleWebKit/537.36 (KHTML&#44; like Gecko) Chrome/65.0.3325.109 Mobile Safari/537.36,,0
2018/03/23 23:59,,23,*.access-internet.ne.jp,,Mozilla/5.0 (Macintosh; Intel Mac OS X 10_11_6) AppleWebKit/537.36 (KHTML&#44; like Gecko) Chrome/65.0.3325.181 Safari/537.36,,2018/01/25 14:53
2018/03/20 16:13,괉,16,*.ap.nuro.jp,https://www.google.co.jp/,Mozilla/5.0 (Macintosh; Intel Mac OS X 10_12_6) AppleWebKit/537.36 (KHTML&#44; like Gecko) Chrome/65.0.3325.162 Safari/537.36,,0
2018/03/15 15:32,뒞,15,*.dion.ne.jp,http://aurized-studio.jp/log/log.cgi,Mozilla/5.0 (Macintosh; Intel Mac OS X 10_13_3) AppleWebKit/537.36 (KHTML&#44; like Gecko) Chrome/64.0.3282.186 Safari/537.36,,2018/02/09 23:48
2018/03/13 12:08,괉,12,*.panda-world.ne.jp,https://www.google.co.jp/,Mozilla/5.0 (iPhone; CPU iPhone OS 11_2_6 like Mac OS X) AppleWebKit/604.5.6 (KHTML&#44; like Gecko) Version/11.0 Mobile/15D100 Safari/604.1,,0
2018/03/10 00:31,늧,0,*.ocn.ne.jp,https://www.google.co.jp/,Mozilla/5.0 (Windows NT 6.3; Win64; x64) AppleWebKit/537.36 (KHTML&#44; like Gecko) Chrome/64.0.3282.186 Safari/537.36,,0
2018/03/09 23:47,,23,*.dion.ne.jp,http://aurized-studio.jp/log/log.cgi,Mozilla/5.0 (Macintosh; Intel Mac OS X 10_13_3) AppleWebKit/537.36 (KHTML&#44; like Gecko) Chrome/64.0.3282.186 Safari/537.36,,2018/02/04 16:37
2018/03/08 14:00,뒞,14,*.au-net.ne.jp,,Mozilla/5.0 (Macintosh; Intel Mac OS X 10_11_4) AppleWebKit/537.36 (KHTML&#44; like Gecko) Chrome/64.0.3282.186 Safari/537.36,,0
2018/03/07 19:25,낸,19,*.kddi.ne.jp,http://www.sohovillage.com/AurizedStudio/,Mozilla/5.0 (Macintosh; Intel Mac OS X 10_12_6) AppleWebKit/537.36 (KHTML&#44; like Gecko) Chrome/64.0.3282.186 Safari/537.36,,0
2018/03/04 16:37,,16,*.dion.ne.jp,http://aurized-studio.jp/log/log.cgi,Mozilla/5.0 (Macintosh; Intel Mac OS X 10_13_3) AppleWebKit/537.36 (KHTML&#44; like Gecko) Chrome/64.0.3282.186 Safari/537.36,,2018/01/14 13:00
2018/03/02 19:17,,19,,,Mozilla/5.0 (compatible; DnyzBot/1.0) AppleWebKit/537.36 (KHTML&#44; like Gecko) HeadlessChrome/64.0.3264.0 Safari/537.36,,0
2018/03/02 15:30,,15,*.ocn.ne.jp,http://www.google.co.jp/url?,Mozilla/5.0 (Windows NT 6.1; WOW64; Trident/7.0; rv:11.0) like Gecko,,0
2018/03/02 07:23,,7,*.bbtec.net,,Mozilla/5.0 (Linux; Android 7.0; SCV36 Build/NRD90M; wv) AppleWebKit/537.36 (KHTML&#44; like Gecko) Version/4.0 Chrome/64.0.3282.137 Mobile Safari/537.36 Sleipnir/3.5.7,,0
2018/03/01 10:07,뒞,10,*.ap.nuro.jp,https://www.google.co.jp/,Mozilla/5.0 (iPad; CPU OS 11_2_5 like Mac OS X) AppleWebKit/604.5.6 (KHTML&#44; like Gecko) Version/11.0 Mobile/15D60 Safari/604.1,,0
2018/02/28 23:54,낸,23,*.ocn.ne.jp,,Mozilla/5.0 (Macintosh; Intel Mac OS X 10_13_3) AppleWebKit/537.36 (KHTML&#44; like Gecko) Chrome/64.0.3282.167 Safari/537.36,,0
2018/02/28 09:52,낸,9,*.broadband.corbina.ru,http://yandex.ru/clck/jsredir?,Mozilla/5.0 (Windows NT 6.1) AppleWebKit/537.36 (KHTML&#44; like Gecko) Chrome/62.0.3202.94 YaBrowser/17.11.1.988 Yowser/2.5 Safari/537.36,,0
2018/02/27 11:42,괉,11,*.so-net.ne.jp,,Mozilla/5.0 (Macintosh; Intel Mac OS X 10_13_3) AppleWebKit/537.36 (KHTML&#44; like Gecko) Chrome/64.0.3282.167 Safari/537.36,,2018/01/08 15:36
2018/02/25 14:53,,14,*.access-internet.ne.jp,,Mozilla/5.0 (Macintosh; Intel Mac OS X 10_11_6) AppleWebKit/537.36 (KHTML&#44; like Gecko) Chrome/64.0.3282.167 Safari/537.36,,2018/01/20 13:45
2018/02/23 12:48,,12,*.broadband.corbina.ru,http://yandex.ru/clck/jsredir?,Mozilla/5.0 (Windows NT 6.1) AppleWebKit/537.36 (KHTML&#44; like Gecko) Chrome/62.0.3202.94 YaBrowser/17.11.1.988 Yowser/2.5 Safari/537.36,,0
2018/02/22 15:49,뒞,15,*.ap.nuro.jp,https://www.google.co.jp/,Mozilla/5.0 (Macintosh; Intel Mac OS X 10_12_6) AppleWebKit/537.36 (KHTML&#44; like Gecko) Chrome/64.0.3282.167 Safari/537.36,,0
2018/02/20 13:45,괉,13,*.access-internet.ne.jp,,Mozilla/5.0 (Macintosh; Intel Mac OS X 10_11_6) AppleWebKit/537.36 (KHTML&#44; like Gecko) Chrome/64.0.3282.167 Safari/537.36,,2018/01/11 10:06
2018/02/18 15:15,,15,,,Mozilla/5.0 (compatible; DnyzBot/1.0),,0
2018/02/16 22:38,,22,*.ppp.bbiq.jp,https://www.google.co.jp/,Mozilla/5.0 (iPhone; CPU iPhone OS 11_2_2 like Mac OS X) AppleWebKit/604.4.7 (KHTML&#44; like Gecko) Version/11.0 Mobile/15C202 Safari/604.1,,0
2018/02/15 17:26,뒞,17,*.static.zoot.jp,,Mozilla/5.0 (Macintosh; Intel Mac OS X 10_13_3) AppleWebKit/537.36 (KHTML&#44; like Gecko) Chrome/64.0.3282.140 Safari/537.36,,0
2018/02/14 13:00,낸,13,*.dion.ne.jp,http://aurized-studio.jp/log/log.cgi,Mozilla/5.0 (Macintosh; Intel Mac OS X 10_13_3) AppleWebKit/537.36 (KHTML&#44; like Gecko) Chrome/64.0.3282.140 Safari/537.36,,2018/00/15 21:37
2018/02/11 22:28,,22,,,Mozilla/5.0 (compatible; MSIE 9.0; Windows NT 6.0; Trident/5.0;  Trident/5.0),,0
2018/02/11 10:06,,10,*.access-internet.ne.jp,,Mozilla/5.0 (Macintosh; Intel Mac OS X 10_11_6) AppleWebKit/537.36 (KHTML&#44; like Gecko) Chrome/63.0.3239.132 Safari/537.36,,2018/01/10 03:16
2018/02/10 06:31,늧,6,*.broadband.corbina.ru,http://yandex.ru/clck/jsredir?,Mozilla/5.0 (Windows NT 10.0; WOW64) AppleWebKit/537.36 (KHTML&#44; like Gecko) Chrome/60.0.3112.113 YaBrowser/17.9.1.768 Yowser/2.5 Safari/537.36,,0
2018/02/10 03:16,늧,3,*.access-internet.ne.jp,,Mozilla/5.0 (Macintosh; Intel Mac OS X 10_11_6) AppleWebKit/537.36 (KHTML&#44; like Gecko) Chrome/63.0.3239.132 Safari/537.36,,2018/01/08 21:16
2018/02/08 21:16,뒞,21,*.access-internet.ne.jp,,Mozilla/5.0 (Macintosh; Intel Mac OS X 10_11_6) AppleWebKit/537.36 (KHTML&#44; like Gecko) Chrome/63.0.3239.132 Safari/537.36,,2018/01/07 12:22
2018/02/08 18:42,뒞,18,*.google.com,http://www.google.com/search,Mozilla/5.0 (X11; Linux x86_64) AppleWebKit/537.36 (KHTML&#44; like Gecko; Google Web Preview) Chrome/41.0.2272.118 Safari/537.36,,0
2018/02/08 15:36,뒞,15,*.so-net.ne.jp,,Mozilla/5.0 (Macintosh; Intel Mac OS X 10_13_3) AppleWebKit/537.36 (KHTML&#44; like Gecko) Chrome/63.0.3239.132 Safari/537.36,,0
2018/02/08 11:06,뒞,11,*.dion.ne.jp,,Mozilla/5.0 (Windows NT 10.0; Win64; x64) AppleWebKit/537.36 (KHTML&#44; like Gecko) Chrome/64.0.3282.140 Safari/537.36,,0
2018/02/07 12:22,낸,12,*.access-internet.ne.jp,,Mozilla/5.0 (Macintosh; Intel Mac OS X 10_11_6) AppleWebKit/537.36 (KHTML&#44; like Gecko) Chrome/63.0.3239.132 Safari/537.36,,2018/01/07 07:52
2018/02/07 07:52,낸,7,*.access-internet.ne.jp,,Mozilla/5.0 (Macintosh; Intel Mac OS X 10_11_6) AppleWebKit/537.36 (KHTML&#44; like Gecko) Chrome/63.0.3239.132 Safari/537.36,,2018/01/03 19:15
2018/02/05 15:14,깵,15,*.so-net.ne.jp,,Mozilla/5.0 (Macintosh; Intel Mac OS X 10_12_6) AppleWebKit/537.36 (KHTML&#44; like Gecko) Chrome/63.0.3239.132 Safari/537.36,,0
2018/02/04 16:40,,16,,,Mozilla/5.0 (compatible; DnyzBot/1.0),,0
2018/02/03 19:15,늧,19,*.access-internet.ne.jp,,Mozilla/5.0 (Macintosh; Intel Mac OS X 10_11_6) AppleWebKit/537.36 (KHTML&#44; like Gecko) Chrome/63.0.3239.132 Safari/537.36,,2018/01/03 09:54
2018/02/03 09:09,늧,9,*.access-internet.ne.jp,https://www.google.co.jp/,Mozilla/5.0 (Macintosh; Intel Mac OS X 10_11_6) AppleWebKit/537.36 (KHTML&#44; like Gecko) Chrome/63.0.3239.132 Safari/537.36,,0
2018/01/29 10:38,깵,10,*.ucom.ne.jp,http://t.co/4AFKF7bV1t,Mozilla/5.0 (Windows NT 10.0; Win64; x64) AppleWebKit/537.36 (KHTML&#44; like Gecko) Chrome/63.0.3239.132 Safari/537.36,,0
2018/01/28 18:51,,18,*.bbtec.net,http://t.co/4AFKF7bV1t,Mozilla/5.0 (Macintosh; Intel Mac OS X 10_13_3) AppleWebKit/604.5.6 (KHTML&#44; like Gecko) Version/11.0.3 Safari/604.5.6,,0
2018/01/26 12:36,,12,*.openmobile.ne.jp,https://www.google.co.jp/,Mozilla/5.0 (Windows NT 6.1) AppleWebKit/537.36 (KHTML&#44; like Gecko) Chrome/64.0.3282.119 Safari/537.36,,0
2018/01/25 04:08,뒞,4,,,Mozilla/5.0 (compatible; DnyzBot/1.0),,0
2018/01/23 20:18,괉,20,*.webjapan.co.jp,,Mozilla/5.0 (Windows NT 10.0; WOW64; Trident/7.0; rv:11.0) like Gecko,,0
2018/01/22 16:31,깵,16,,,Mozilla/5.0 (compatible; DnyzBot/1.0),,0
2018/01/20 10:49,늧,10,,,Mozilla/5.0 (compatible; DnyzBot/1.0),,0
2018/01/19 17:11,,17,*.ocn.ne.jp,,Mozilla/5.0 (Windows NT 10.0) AppleWebKit/537.36 (KHTML&#44; like Gecko) Chrome/63.0.3239.132 Safari/537.36,,0
2018/01/18 19:46,뒞,19,,,Mozilla/5.0 (Windows NT 6.1; WOW64) AppleWebKit/537.36 (KHTML&#44; like Gecko) Chrome/50.0.2661.102 Safari/537.36,,0
2018/01/18 19:45,뒞,19,,,Mozilla/5.0 (Windows NT 6.1; WOW64) AppleWebKit/537.36 (KHTML&#44; like Gecko) Chrome/55.0.2883.87 Safari/537.36,,0
2018/01/17 18:23,낸,18,,,Mozilla/5.0 (compatible; DnyzBot/1.0),,0
2018/01/17 15:21,낸,15,*.so-net.ne.jp,,Mozilla/5.0 (Windows NT 10.0; Win64; x64) AppleWebKit/537.36 (KHTML&#44; like Gecko) Chrome/63.0.3239.132 Safari/537.36,,0
2018/01/16 18:21,괉,18,*.ucom.ne.jp,,Mozilla/5.0 (Windows NT 10.0; Win64; x64) AppleWebKit/537.36 (KHTML&#44; like Gecko) Chrome/63.0.3239.132 Safari/537.36,,2018/00/15 17:52
2018/01/15 21:37,깵,21,*.dion.ne.jp,http://aurized-studio.jp/log/log.cgi,Mozilla/5.0 (Macintosh; Intel Mac OS X 10_13_2) AppleWebKit/537.36 (KHTML&#44; like Gecko) Chrome/63.0.3239.132 Safari/537.36,,2017/11/17 23:57
2018/01/15 17:52,깵,17,*.ucom.ne.jp,,Mozilla/5.0 (Windows NT 10.0; Win64; x64) AppleWebKit/537.36 (KHTML&#44; like Gecko) Chrome/63.0.3239.132 Safari/537.36,,0
2018/01/10 13:39,낸,13,*.asahi-net.or.jp,https://www.google.co.jp/,Mozilla/5.0 (Windows NT 6.1; Win64; x64) AppleWebKit/537.36 (KHTML&#44; like Gecko) Chrome/63.0.3239.132 Safari/537.36,,0
2018/01/06 01:59,늧,1,,,Mozilla/5.0 (compatible; DnyzBot/1.0),,0
2017/12/31 07:28,,7,,,Mozilla/5.0 (compatible; DnyzBot/1.0),,0
2017/12/27 15:21,낸,15,*.so-net.ne.jp,,Mozilla/5.0 (Macintosh; Intel Mac OS X 10_13_2) AppleWebKit/537.36 (KHTML&#44; like Gecko) Chrome/62.0.3202.94 Safari/537.36,,0
2017/12/27 04:27,낸,4,,,Mozilla/5.0 (compatible; DnyzBot/1.0),,0
2017/12/23 15:43,늧,15,*.infoweb.ne.jp,,Mozilla/5.0 (Windows NT 10.0; WOW64; Trident/7.0; rv:11.0) like Gecko,,0
2017/12/23 03:21,늧,3,,,Mozilla/5.0 (compatible; DnyzBot/1.0),,0
2017/12/21 21:32,뒞,21,*.ocn.ne.jp,http://t.co/4AFKF7bV1t,Mozilla/5.0 (Macintosh; Intel Mac OS X 10_6_8) AppleWebKit/537.36 (KHTML&#44; like Gecko) Chrome/49.0.2623.112 Safari/537.36,,0
2017/12/20 09:31,낸,9,,,Mozilla/5.0 (compatible; DnyzBot/1.0),,0
2017/12/17 23:57,,23,*.dion.ne.jp,http://aurized-studio.jp/log/log.cgi,Mozilla/5.0 (Macintosh; Intel Mac OS X 10_13_2) AppleWebKit/537.36 (KHTML&#44; like Gecko) Chrome/63.0.3239.84 Safari/537.36,,2017/11/05 18:54
2017/12/17 03:50,,3,,,Mozilla/5.0 (compatible; DnyzBot/1.0),,0
2017/12/12 14:52,괉,14,,,Mozilla/5.0 (X11; Linux x86_64) AppleWebKit/537.36 (KHTML&#44; like Gecko) Chrome/60.0.3112.113 Safari/537.36,,0
2017/12/08 15:02,,15,*.vectant.ne.jp,,Mozilla/5.0 (Macintosh; Intel Mac OS X 10_12_6) AppleWebKit/537.36 (KHTML&#44; like Gecko) Chrome/62.0.3202.94 Safari/537.36,,0
2017/12/07 17:05,뒞,17,*.vectant.ne.jp,,Mozilla/5.0 (Windows NT 10.0; Win64; x64) AppleWebKit/537.36 (KHTML&#44; like Gecko) Chrome/62.0.3202.94 Safari/537.36,,0
2017/12/07 16:36,뒞,16,,,Mozilla/5.0 (compatible; MSIE 9.0; Windows NT 6.0; Trident/5.0;  Trident/5.0),,0
2017/12/07 15:55,뒞,15,*.vectant.ne.jp,,Mozilla/5.0 (Macintosh; Intel Mac OS X 10_13_1) AppleWebKit/537.36 (KHTML&#44; like Gecko) Chrome/62.0.3202.97 Safari/537.36 Vivaldi/1.95.1030.3,,2017/10/22 17:55
2017/12/07 15:15,뒞,15,*.vectant.ne.jp,,Mozilla/5.0 (iPad; CPU OS 11_1 like Mac OS X) AppleWebKit/604.3.5 (KHTML&#44; like Gecko) Version/11.0 Mobile/15B93 Safari/604.1,,0
2017/12/07 14:53,뒞,14,*.vectant.ne.jp,,Mozilla/5.0 (Macintosh; Intel Mac OS X 10_11_6) AppleWebKit/537.36 (KHTML&#44; like Gecko) Chrome/61.0.3163.100 Safari/537.36,,0
2017/12/07 11:05,뒞,11,*.au-net.ne.jp,,Mozilla/5.0 (iPhone; CPU iPhone OS 11_1_2 like Mac OS X) AppleWebKit/604.3.5 (KHTML&#44; like Gecko) Version/11.0 Mobile/15B202 Safari/604.1,,0
2017/12/05 18:54,괉,18,*.dion.ne.jp,http://aurized-studio.jp/log/log.cgi,Mozilla/5.0 (Macintosh; Intel Mac OS X 10_12_6) AppleWebKit/537.36 (KHTML&#44; like Gecko) Chrome/62.0.3202.94 Safari/537.36,,2017/10/22 15:27
2017/12/05 12:14,괉,12,*.vectant.ne.jp,,Mozilla/5.0 (Macintosh; Intel Mac OS X 10_13_1) AppleWebKit/537.36 (KHTML&#44; like Gecko) Chrome/62.0.3202.94 Safari/537.36,,0
2017/12/05 11:00,괉,11,*.au-net.ne.jp,android-app://com.google.android.gm,Mozilla/5.0 (Linux; Android 7.0; FTJ162E Build/NRD90M) AppleWebKit/537.36 (KHTML&#44; like Gecko) Chrome/62.0.3202.84 Mobile Safari/537.36,,2017/10/16 10:51
2017/11/25 10:32,늧,10,*.spmode.ne.jp,http://search.smt.docomo.ne.jp/result?,Mozilla/5.0 (Linux; U; Android 4.3; ja-jp; SC-02E Build/JSS15J) AppleWebKit/534.30 (KHTML&#44; like Gecko) Version/4.0 Mobile Safari/534.30,,0
2017/11/22 17:55,낸,17,*.vectant.ne.jp,,Mozilla/5.0 (Macintosh; Intel Mac OS X 10_13_1) AppleWebKit/537.36 (KHTML&#44; like Gecko) Chrome/62.0.3202.97 Safari/537.36 Vivaldi/1.94.1008.30,,2017/10/22 15:56
2017/11/22 17:53,낸,17,*.kazooisyee.tk,,Mozilla/5.0 (Windows NT 10.0; WOW64) AppleWebKit/537.36 (KHTML&#44; like Gecko) Chrome/52.0.2743.116 Safari/537.36,,0
2017/11/22 17:53,낸,17,*.kazooisyee.tk,,Mozilla/5.0 (Windows NT 10.0; WOW64) AppleWebKit/537.36 (KHTML&#44; like Gecko) Chrome/52.0.2743.116 Safari/537.36,,0
2017/11/22 16:29,낸,16,*.sannet.ne.jp,http://t.co/4AFKF7bV1t?,Mozilla/5.0 (iPhone; CPU iPhone OS 11_1_2 like Mac OS X) AppleWebKit/601.1.46 (KHTML&#44; like Gecko) Mobile/15B202 Twitter for iPhone/7.12,,0
2017/11/22 15:56,낸,15,*.au-net.ne.jp,,Mozilla/5.0 (Macintosh; Intel Mac OS X 10_13_1) AppleWebKit/537.36 (KHTML&#44; like Gecko) Chrome/62.0.3202.97 Safari/537.36 Vivaldi/1.94.1008.30,,0
2017/11/22 15:27,낸,15,*.dion.ne.jp,https://github.com/,Mozilla/5.0 (Macintosh; Intel Mac OS X 10_12_6) AppleWebKit/537.36 (KHTML&#44; like Gecko) Chrome/62.0.3202.94 Safari/537.36,,2017/10/14 22:05
2017/11/21 15:02,괉,15,*.flets.videw.com,http://t.co/4AFKF7bV1t,Mozilla/5.0 (Macintosh; Intel Mac OS X 10_9_5) AppleWebKit/537.36 (KHTML&#44; like Gecko) Chrome/62.0.3202.94 Safari/537.36,,0
2017/11/17 17:58,,17,*.mie1.commufa.jp,,Mozilla/5.0 (compatible; MSIE 10.0; Windows NT 6.2; WOW64; Trident/6.0),,0
2017/11/16 10:51,뒞,10,*.au-net.ne.jp,https://t.co/4AFKF7bV1t,Mozilla/5.0 (Linux; Android 7.0; FTJ162E Build/NRD90M) AppleWebKit/537.36 (KHTML&#44; like Gecko) Chrome/62.0.3202.84 Mobile Safari/537.36,,2017/10/14 16:21
2017/11/14 22:05,괉,22,*.dion.ne.jp,https://www.google.co.jp/,Mozilla/5.0 (Macintosh; Intel Mac OS X 10_12_6) AppleWebKit/537.36 (KHTML&#44; like Gecko) Chrome/61.0.3163.100 Safari/537.36,,2017/09/18 18:30
2017/11/14 16:21,괉,16,*.au-net.ne.jp,http://t.co/4AFKF7bV1t?,Mozilla/5.0 (Linux; Android 7.0; FTJ162E Build/NRD90M) AppleWebKit/537.36 (KHTML&#44; like Gecko) Chrome/62.0.3202.84 Mobile Safari/537.36,,0
2017/11/13 23:34,깵,23,*.dion.ne.jp,http://t.co/4AFKF7bV1t,Mozilla/5.0 (Macintosh; Intel Mac OS X 10_12_6) AppleWebKit/537.36 (KHTML&#44; like Gecko) Chrome/62.0.3202.89 Safari/537.36,,0
2017/11/13 22:50,깵,22,*.broadband.corbina.ru,http://yandex.ru/clck/jsredir?,Mozilla/5.0 (Windows NT 6.1; WOW64) AppleWebKit/537.36 (KHTML&#44; like Gecko) Chrome/61.0.3163.100 YaBrowser/17.10.0.2017 Yowser/2.5 Safari/537.36,,0
2017/11/12 01:43,,1,*.search.msn.com,,Mozilla/5.0 (Windows NT 6.1; WOW64) AppleWebKit/534+ (KHTML&#44; like Gecko) BingPreview/1.0b,,0
2017/11/07 15:50,괉,15,*.dti.ne.jp,http://t.co/4AFKF7bV1t,Mozilla/5.0 (Macintosh; Intel Mac OS X 10_12_6) AppleWebKit/537.36 (KHTML&#44; like Gecko) Chrome/61.0.3163.100 Safari/537.36,,0
2017/11/05 21:10,,21,*.ocn.ne.jp,http://t.co/4AFKF7bV1t?,Mozilla/5.0 (Linux; Android 6.0.1; SOV34 Build/39.0.C.0.282) AppleWebKit/537.36 (KHTML&#44; like Gecko) Chrome/61.0.3163.98 Mobile Safari/537.36,,0
2017/10/28 15:08,늧,15,*.panda-world.ne.jp,,Mozilla/5.0 (Macintosh; Intel Mac OS X 10_11_3) AppleWebKit/537.36 (KHTML&#44; like Gecko) Chrome/61.0.3163.100 Safari/537.36,,0
2017/10/27 11:57,,11,*.res.rr.com,,Mozilla/5.0 (Windows NT 6.2; Win64; x64) AppleWebKit/537.36 (KHTML&#44; like Gecko) Chrome/61.0.3163.100 Safari/537.36,,2017/09/25 16:39
2017/10/27 01:02,,1,*.search.msn.com,,Mozilla/5.0 (Windows NT 6.1; WOW64) AppleWebKit/534+ (KHTML&#44; like Gecko) BingPreview/1.0b,,0
2017/10/25 16:39,낸,16,*.res.rr.com,,Mozilla/5.0 (Windows NT 6.2; Win64; x64) AppleWebKit/537.36 (KHTML&#44; like Gecko) Chrome/61.0.3163.100 Safari/537.36,,0
2017/10/18 18:30,낸,18,*.dion.ne.jp,http://aurized-studio.jp/log/log.cgi,Mozilla/5.0 (Macintosh; Intel Mac OS X 10_12_6) AppleWebKit/537.36 (KHTML&#44; like Gecko) Chrome/61.0.3163.100 Safari/537.36,,2017/09/18 00:37
2017/10/18 00:37,낸,0,*.dion.ne.jp,http://aurized-studio.jp/log/log.cgi,Mozilla/5.0 (Macintosh; Intel Mac OS X 10_12_6) AppleWebKit/537.36 (KHTML&#44; like Gecko) Chrome/61.0.3163.100 Safari/537.36,,2017/09/09 01:15
2017/10/17 16:50,괉,16,*.plala.or.jp,,Mozilla/5.0 (Windows NT 6.1; Win64; x64) AppleWebKit/537.36 (KHTML&#44; like Gecko) Chrome/61.0.3163.100 Safari/537.36,,0
2017/10/17 16:05,괉,16,*.bbtec.net,,Mozilla/5.0 (Windows NT 10.0; Win64; x64) AppleWebKit/537.36 (KHTML&#44; like Gecko) Chrome/61.0.3163.100 Safari/537.36,,0
2017/10/13 14:36,,14,*.ocn.ne.jp,,Mozilla/5.0 (Macintosh; Intel Mac OS X 10_12_6) AppleWebKit/537.36 (KHTML&#44; like Gecko) Chrome/61.0.3163.100 Safari/537.36,,0
2017/10/10 02:42,괉,2,*.search.msn.com,,Mozilla/5.0 (Windows NT 6.1; WOW64) AppleWebKit/534+ (KHTML&#44; like Gecko) BingPreview/1.0b,,0
2017/10/09 01:15,깵,1,*.dion.ne.jp,http://aurized-studio.jp/log/log.cgi,Mozilla/5.0 (Macintosh; Intel Mac OS X 10_12_6) AppleWebKit/537.36 (KHTML&#44; like Gecko) Chrome/61.0.3163.100 Safari/537.36,,2017/08/29 18:41
2017/10/08 02:23,,2,*.ocn.ne.jp,https://www.google.co.jp/,Mozilla/5.0 (Windows NT 10.0; Win64; x64) AppleWebKit/537.36 (KHTML&#44; like Gecko) Chrome/61.0.3163.100 Safari/537.36,,0
2017/10/05 07:03,뒞,7,*.search.msn.com,,Mozilla/5.0 (Windows NT 6.1; WOW64) AppleWebKit/534+ (KHTML&#44; like Gecko) BingPreview/1.0b,,0
2017/10/04 08:51,낸,8,*.us.archive.org,,Mozilla/5.0 (compatible; archive.org_bot +http://www.archive.org/details/archive.org_bot),,0
2017/10/02 09:35,깵,9,*.ocn.ne.jp,http://plus.url.google.com/url?,Mozilla/5.0 (Windows NT 6.1; WOW64; rv:55.0) Gecko/20100101 Firefox/55.0,,0
2017/09/30 02:09,늧,2,*.search.msn.com,,Mozilla/5.0 (Windows NT 6.1; WOW64) AppleWebKit/534+ (KHTML&#44; like Gecko) BingPreview/1.0b,,0
2017/09/29 18:41,,18,*.dion.ne.jp,http://aurized-studio.jp/log/log.cgi,Mozilla/5.0 (Macintosh; Intel Mac OS X 10_12_6) AppleWebKit/537.36 (KHTML&#44; like Gecko) Chrome/61.0.3163.100 Safari/537.36,,2017/08/09 19:39
2017/09/29 15:04,,15,*.ocn.ne.jp,http://www.google.co.jp/url?,Mozilla/5.0 (Windows NT 6.1; WOW64; Trident/7.0; rv:11.0) like Gecko,,2017/08/29 13:54
2017/09/29 13:54,,13,*.ocn.ne.jp,http://www.google.co.jp/url?,Mozilla/5.0 (Windows NT 6.1; WOW64; Trident/7.0; rv:11.0) like Gecko,,0
2017/09/21 17:04,뒞,17,*.ocn.ne.jp,,Mozilla/5.0 (Windows NT 10.0) AppleWebKit/537.36 (KHTML&#44; like Gecko) Chrome/60.0.3112.113 Safari/537.36,,0
2017/09/21 16:13,뒞,16,*.ocn.ne.jp,,Mozilla/5.0 (Windows NT 10.0; Win64; x64) AppleWebKit/537.36 (KHTML&#44; like Gecko) Chrome/60.0.3112.113 Safari/537.36,,0
2017/09/17 16:07,,16,*.infoweb.ne.jp,,Mozilla/5.0 (Windows NT 10.0; WOW64; Trident/7.0; rv:11.0) like Gecko,,2017/08/09 15:49
2017/09/16 21:11,늧,21,*.ap.gmobb-fix.jp,http://t.co/4AFKF7bV1t?,Mozilla/5.0 (iPhone; CPU iPhone OS 10_3_3 like Mac OS X) AppleWebKit/603.3.8 (KHTML&#44; like Gecko) Version/10.0 Mobile/14G60 Safari/602.1,,0
2017/09/15 16:14,,16,,,Mozilla/5.0 (Windows NT 10.0; WOW64; rv:55.0) Gecko/20100101 Firefox/55.0,,0
2017/09/09 19:39,늧,19,*.dion.ne.jp,http://aurized-studio.jp/log/log.cgi,Mozilla/5.0 (Macintosh; Intel Mac OS X 10_12_6) AppleWebKit/537.36 (KHTML&#44; like Gecko) Chrome/60.0.3112.113 Safari/537.36,,0
2017/09/09 15:49,늧,15,*.infoweb.ne.jp,,Mozilla/5.0 (Windows NT 10.0; WOW64; Trident/7.0; rv:11.0) like Gecko,,2017/07/24 16:32
2017/09/07 10:48,뒞,10,*.asahi-net.or.jp,,Mozilla/5.0 (Windows NT 10.0; Win64; x64) AppleWebKit/537.36 (KHTML&#44; like Gecko) Chrome/60.0.3112.113 Safari/537.36,,2017/08/06 16:31
2017/09/06 16:31,낸,16,*.asahi-net.or.jp,,Mozilla/5.0 (Windows NT 10.0; Win64; x64) AppleWebKit/537.36 (KHTML&#44; like Gecko) Chrome/60.0.3112.113 Safari/537.36,,0
2017/09/05 13:34,괉,13,*.wakwak.ne.jp,http://hp.submit.ne.jp/producer/show/24592,Mozilla/5.0 (Windows NT 10.0; WOW64; Trident/7.0; rv:11.0) like Gecko,,0
2017/09/05 10:38,괉,10,*.au-net.ne.jp,,Mozilla/5.0 (Macintosh; Intel Mac OS X 10_10_5) AppleWebKit/537.36 (KHTML&#44; like Gecko) Chrome/60.0.3112.101 Safari/537.36,,0
2017/09/04 10:44,깵,10,*.bbtec.net,,Mozilla/5.0 (Windows NT 10.0; Win64; x64) AppleWebKit/537.36 (KHTML&#44; like Gecko) Chrome/60.0.3112.113 Safari/537.36,,0
2017/09/03 08:43,,8,*.bbtec.net,https://www.google.co.jp/,Mozilla/5.0 (Macintosh; Intel Mac OS X 10_11_6) AppleWebKit/537.36 (KHTML&#44; like Gecko) Chrome/60.0.3112.113 Safari/537.36,,0
2017/08/28 00:29,깵,0,*.bbtec.net,http://t.co/4AFKF7bV1t,Mozilla/5.0 (Windows NT 10.0; Win64; x64) AppleWebKit/537.36 (KHTML&#44; like Gecko) Chrome/60.0.3112.101 Safari/537.36,,0
2017/08/24 16:15,뒞,16,*.infoweb.ne.jp,http://search.yahoo.co.jp/,Mozilla/5.0 (Windows NT 10.0; WOW64; Trident/7.0; rv:11.0) like Gecko,,0
2017/08/24 16:00,뒞,16,*.asahi-net.or.jp,https://www.google.co.jp/,Mozilla/5.0 (Windows NT 10.0; Win64; x64) AppleWebKit/537.36 (KHTML&#44; like Gecko) Chrome/60.0.3112.101 Safari/537.36,,0
2017/08/20 23:30,,23,*.search.msn.com,,Mozilla/5.0 (Windows NT 6.1; WOW64) AppleWebKit/534+ (KHTML&#44; like Gecko) BingPreview/1.0b,,0
2017/08/11 21:53,,21,*.ap.nuro.jp,http://t.co/4AFKF7bV1t,Mozilla/5.0 (Windows NT 6.3; Win64; x64) AppleWebKit/537.36 (KHTML&#44; like Gecko) Chrome/60.0.3112.90 Safari/537.36,,0
2017/08/05 22:43,늧,22,*.zaq.ne.jp,https://search.yahoo.co.jp/,Mozilla/5.0 (iPhone; CPU iPhone OS 10_3_3 like Mac OS X) AppleWebKit/603.3.8 (KHTML&#44; like Gecko) Version/10.0 Mobile/14G60 Safari/602.1,,0
2017/07/29 17:07,늧,17,*.moscow.rt.ru,http://yandex.ru/clck/jsredir?,Mozilla/5.0 (Windows NT 10.0; WOW64) AppleWebKit/537.36 (KHTML&#44; like Gecko) Chrome/58.0.3029.110 YaBrowser/17.6.1.743 Yowser/2.5 Safari/537.36,,0
2017/07/28 12:57,,12,*.google.com,https://www.google.co.jp/,Mozilla/5.0 (Linux; Android 7.0; LGV34 Build/NRD90U) AppleWebKit/537.36 (KHTML&#44; like Gecko) Chrome/58.0.3029.83 Mobile Safari/537.36,,2017/06/10 15:43
2017/07/28 11:53,,11,*.static.zoot.jp,,Mozilla/5.0 (Windows NT 6.1; Win64; x64) AppleWebKit/537.36 (KHTML&#44; like Gecko) Chrome/59.0.3071.115 Safari/537.36,,0
2017/07/27 15:39,뒞,15,*.ucom.ne.jp,http://t.co/4AFKF7bV1t,Mozilla/5.0 (Macintosh; Intel Mac OS X 10.12; rv:56.0) Gecko/20100101 Firefox/56.0,,0
2017/07/19 18:12,낸,18,*.bbtec.net,,Mozilla/5.0 (Macintosh; Intel Mac OS X 10_12_5) AppleWebKit/603.2.4 (KHTML&#44; like Gecko) Version/10.1.1 Safari/603.2.4,,0
2017/07/18 11:38,괉,11,*.plala.or.jp,https://github.com/,Mozilla/5.0 (Macintosh; Intel Mac OS X 10_11_6) AppleWebKit/537.36 (KHTML&#44; like Gecko) Chrome/59.0.3071.115 Safari/537.36,,0
2017/07/15 00:51,늧,0,*.so-net.ne.jp,,Mozilla/5.0 (Macintosh; Intel Mac OS X 10_12_5) AppleWebKit/537.36 (KHTML&#44; like Gecko) Chrome/59.0.3071.115 Safari/537.36,,0
2017/07/10 15:43,깵,15,*.dion.ne.jp,http://aurized-studio.jp/log/log.cgi,Mozilla/5.0 (Macintosh; Intel Mac OS X 10_12_5) AppleWebKit/537.36 (KHTML&#44; like Gecko) Chrome/59.0.3071.115 Safari/537.36,,2017/06/05 23:55
2017/07/10 15:43,깵,15,*.google.com,https://www.google.co.jp/,Mozilla/5.0 (Linux; Android 7.0; LGV34 Build/NRD90U) AppleWebKit/537.36 (KHTML&#44; like Gecko) Chrome/58.0.3029.83 Mobile Safari/537.36,,0
2017/07/10 11:41,깵,11,*.bc.googleusercontent.com,,Mozilla/5.0 (Linux; Android 6.0.1; Moto G (4) Build/MPJ24.139-64) AppleWebKit/537.36 (KHTML&#44; like Gecko) Chrome/58.0.3029.81 Mobile Safari/537.36 PTST/1,,0
2017/07/10 11:41,깵,11,*.google.com,,Mozilla/5.0 (Linux; Android 6.0.1; Nexus 5X Build/MMB29P) AppleWebKit/537.36 (KHTML&#44; like Gecko; Google Page Speed Insights) Chrome/41.0.2272.118 Mobile Safari/537.36,,0
2017/07/05 23:55,낸,23,*.dion.ne.jp,http://aurized-studio.jp/log/log.cgi,Mozilla/5.0 (Macintosh; Intel Mac OS X 10_12_5) AppleWebKit/537.36 (KHTML&#44; like Gecko) Chrome/59.0.3071.115 Safari/537.36,,2017/05/22 10:42
2017/07/04 11:07,괉,11,*.home.ne.jp,,Mozilla/5.0 (Windows NT 6.1; WOW64; Trident/7.0; rv:11.0) like Gecko,,0
2017/07/03 03:32,깵,3,*.compute.amazonaws.com,,Mozilla/5.0 (X11; Linux x86_64) AppleWebKit/537.36 (KHTML&#44; like Gecko) HeadlessChrome/59.0.3071.115 Safari/537.36,,0
2017/07/02 22:14,,22,*.moscow.rt.ru,http://yandex.ru/clck/jsredir?,Mozilla/5.0 (Windows NT 6.1) AppleWebKit/537.36 (KHTML&#44; like Gecko) Chrome/57.0.2987.137 YaBrowser/17.4.1.919 Yowser/2.5 Safari/537.36,,0
2017/06/30 15:19,,15,*.zaq.ne.jp,http://data-entry.realworld.jp/work/511/t6988,Mozilla/5.0 (Windows NT 6.1; Win64; x64) AppleWebKit/537.36 (KHTML&#44; like Gecko) Chrome/59.0.3071.115 Safari/537.36,,0
2017/06/29 11:22,뒞,11,*.ib83js.me,,Mozilla/5.0 (Windows NT 10.0; WOW64) AppleWebKit/537.36 (KHTML&#44; like Gecko) Chrome/52.0.2743.116 Safari/537.36,,0
2017/06/29 11:22,뒞,11,*.ib83js.me,,Mozilla/5.0 (Windows NT 10.0; WOW64) AppleWebKit/537.36 (KHTML&#44; like Gecko) Chrome/52.0.2743.116 Safari/537.36,,0
2017/06/29 10:34,뒞,10,,,Mozilla/5.0 (Macintosh; Intel Mac OS X 10_11_6) AppleWebKit/537.36 (KHTML&#44; like Gecko) Chrome/59.0.3071.115 Safari/537.36,,0
2017/06/28 11:17,낸,11,*.mesh.ad.jp,,Mozilla/5.0 (Windows NT 6.1; WOW64) AppleWebKit/537.36 (KHTML&#44; like Gecko) Chrome/59.0.3071.115 Safari/537.36,,0
2017/06/26 21:15,깵,21,*.dion.ne.jp,,Mozilla/5.0 (Windows NT 10.0; WOW64; Trident/7.0; rv:11.0) like Gecko,,0
2017/06/23 06:55,,6,*.nttpc.ne.jp,,Mozilla/5.0 (Windows NT 6.1; WOW64; rv:54.0) Gecko/20100101 Firefox/54.0,,0
2017/06/22 20:50,뒞,20,*.moscow.rt.ru,http://yandex.ru/clck/jsredir?,Mozilla/5.0 (Windows NT 6.1) AppleWebKit/537.36 (KHTML&#44; like Gecko) Chrome/57.0.2987.137 YaBrowser/17.4.1.919 Yowser/2.5 Safari/537.36,,0
2017/06/22 10:42,뒞,10,*.dion.ne.jp,http://aurized-studio.jp/log/log.cgi,Mozilla/5.0 (Macintosh; Intel Mac OS X 10_12_5) AppleWebKit/537.36 (KHTML&#44; like Gecko) Chrome/58.0.3029.110 Safari/537.36,,2017/05/20 16:01
2017/06/22 00:39,뒞,0,*.panda-world.ne.jp,http://becoming.sakura.ne.jp/killburn/gig.html,Mozilla/5.0 (iPhone; CPU iPhone OS 10_3_2 like Mac OS X) AppleWebKit/603.2.4 (KHTML&#44; like Gecko) Version/10.0 Mobile/14F89 Safari/602.1,,0
2017/06/21 22:04,낸,22,*.u-tokyo.ac.jp,,Mozilla/5.0 (compatible; Steeler/3.5; http://www.tkl.iis.u-tokyo.ac.jp/~crawler/),,0
2017/06/21 00:12,낸,0,*.search.msn.com,,Mozilla/5.0 (Windows NT 6.1; WOW64) AppleWebKit/534+ (KHTML&#44; like Gecko) BingPreview/1.0b,,0
2017/06/20 16:01,괉,16,*.dion.ne.jp,http://aurized-studio.jp/log/log.cgi,Mozilla/5.0 (Macintosh; Intel Mac OS X 10_12_5) AppleWebKit/537.36 (KHTML&#44; like Gecko) Chrome/58.0.3029.110 Safari/537.36,,2017/05/17 11:25
2017/06/17 11:25,늧,11,*.dion.ne.jp,http://aurized-studio.jp/log/log.cgi,Mozilla/5.0 (Macintosh; Intel Mac OS X 10_12_5) AppleWebKit/537.36 (KHTML&#44; like Gecko) Chrome/58.0.3029.110 Safari/537.36,,2017/05/13 02:50
2017/06/16 15:13,,15,,https://www.google.co.jp/,Mozilla/5.0 (Windows NT 10.0; Win64; x64; rv:53.0) Gecko/20100101 Firefox/53.0,,0
2017/06/16 08:51,,8,*.search.msn.com,,Mozilla/5.0 (Windows NT 6.1; WOW64) AppleWebKit/534+ (KHTML&#44; like Gecko) BingPreview/1.0b,,0
2017/06/14 09:14,낸,9,,,Mozilla/5.0 (Windows NT 6.1; WOW64; Trident/7.0; rv:11.0) like Gecko,,0
2017/06/13 02:50,괉,2,*.dion.ne.jp,http://aurized-studio.jp/log/log.cgi,Mozilla/5.0 (Macintosh; Intel Mac OS X 10_12_5) AppleWebKit/537.36 (KHTML&#44; like Gecko) Chrome/58.0.3029.110 Safari/537.36,,2017/04/17 19:29
2017/06/12 10:51,깵,10,*.plala.or.jp,https://github.com/,Mozilla/5.0 (Macintosh; Intel Mac OS X 10_11_6) AppleWebKit/537.36 (KHTML&#44; like Gecko) Chrome/58.0.3029.110 Safari/537.36,,0
2017/06/11 21:23,,21,,,Mozilla/5.0 (X11; Linux x86_64) AppleWebKit/537.36 (KHTML&#44; like Gecko) Chrome/54.0.2840.100 Safari/537.36,,0
2017/06/10 03:03,늧,3,*.eonet.ne.jp,,Mozilla/5.0 (iPhone; CPU iPhone OS 10_3_2 like Mac OS X) AppleWebKit/603.2.4 (KHTML&#44; like Gecko) Version/10.0 Mobile/14F89 Safari/602.1,,0
2017/06/09 10:52,,10,,,Mozilla/5.0 (Linux; Android 6.0.1; SOV34 Build/39.0.C.0.282) AppleWebKit/537.36 (KHTML&#44; like Gecko) Chrome/51.0.2704.81 Mobile Safari/537.36,,2017/04/30 12:50
2017/06/06 17:23,괉,17,*.ocn.ne.jp,,Mozilla/5.0 (Windows NT 6.1) AppleWebKit/537.36 (KHTML&#44; like Gecko) Chrome/58.0.3029.110 Safari/537.36,,0
2017/06/01 11:13,뒞,11,*.bbtec.net,,Mozilla/5.0 (Windows NT 10.0; Win64; x64) AppleWebKit/537.36 (KHTML&#44; like Gecko) Chrome/58.0.3029.110 Safari/537.36,,0
2017/05/30 12:50,괉,12,,,Mozilla/5.0 (Linux; Android 6.0.1; SOV34 Build/39.0.C.0.282) AppleWebKit/537.36 (KHTML&#44; like Gecko) Chrome/51.0.2704.81 Mobile Safari/537.36,,0
2017/05/29 15:38,깵,15,*.au-net.ne.jp,http://t.co/4AFKF7bV1t,Mozilla/5.0 (Macintosh; Intel Mac OS X 10_12_5) AppleWebKit/537.36 (KHTML&#44; like Gecko) Chrome/58.0.3029.110 Safari/537.36,,0
2017/05/28 11:24,,11,*.yournet.ne.jp,,Mozilla/5.0 (Windows NT 10.0; Win64; x64) AppleWebKit/537.36 (KHTML&#44; like Gecko) Chrome/58.0.3029.110 Safari/537.36,,0
2017/05/27 22:55,늧,22,*.dion.ne.jp,http://t.co/4AFKF7bV1t,Mozilla/5.0 (Macintosh; Intel Mac OS X 10_11_6) AppleWebKit/537.36 (KHTML&#44; like Gecko) Chrome/60.0.3108.0 Safari/537.36,,0
2017/05/24 23:41,낸,23,*.ucom.ne.jp,,Mozilla/5.0 (iPhone; CPU iPhone OS 10_0_1 like Mac OS X) AppleWebKit/602.1.50 (KHTML&#44; like Gecko) Version/10.0 Mobile/14A403 Safari/602.1,,0
2017/05/24 04:45,낸,4,*.ap.gmo-isp.jp,http://www.sohovillage.com/AurizedStudio/,Mozilla/5.0 (Macintosh; Intel Mac OS X 10.11; rv:53.0) Gecko/20100101 Firefox/53.0,,0
2017/05/22 22:18,깵,22,*.dion.ne.jp,,Mozilla/5.0 (Windows NT 6.1; Trident/7.0; rv:11.0) like Gecko,,2017/04/22 19:05
2017/05/22 19:05,깵,19,*.dion.ne.jp,,Mozilla/5.0 (Windows NT 6.1; Trident/7.0; rv:11.0) like Gecko,,0
2017/05/22 19:04,깵,19,*.ocn.ne.jp,http://t.co/4AFKF7bV1t,Mozilla/5.0 (iPhone; CPU iPhone OS 10_3_1 like Mac OS X) AppleWebKit/602.3.12 (KHTML&#44; like Gecko) Mobile/14E304 Twitter for iPhone,,0
2017/05/18 14:39,뒞,14,,,Mozilla/5.0 (Windows NT 10.0; Win64; x64) AppleWebKit/537.36 (KHTML&#44; like Gecko) Chrome/58.0.3029.110 Safari/537.36,,0
2017/05/18 13:15,뒞,13,*.asahi-net.or.jp,,Mozilla/5.0 (Windows NT 10.0; Win64; x64) AppleWebKit/537.36 (KHTML&#44; like Gecko) Chrome/58.0.3029.110 Safari/537.36,,0
2017/05/18 11:10,뒞,11,*.wakwak.ne.jp,,Mozilla/5.0 (Windows NT 10.0; Win64; x64) AppleWebKit/537.36 (KHTML&#44; like Gecko) Chrome/58.0.3029.110 Safari/537.36,,0
2017/05/18 10:40,뒞,10,*.ap.nuro.jp,,Mozilla/5.0 (Windows NT 10.0; Win64; x64) AppleWebKit/537.36 (KHTML&#44; like Gecko) Chrome/58.0.3029.110 Safari/537.36,,0
2017/05/17 19:29,낸,19,*.dion.ne.jp,http://aurized-studio.jp/log/log.cgi,Mozilla/5.0 (Macintosh; Intel Mac OS X 10_12_4) AppleWebKit/537.36 (KHTML&#44; like Gecko) Chrome/58.0.3029.110 Safari/537.36,,2017/04/05 18:15
2017/05/17 16:17,낸,16,*.hikari.co.jp,,Mozilla/5.0 (Windows NT 6.1; WOW64; Trident/7.0; rv:11.0) like Gecko,,0
2017/05/16 15:35,괉,15,*.plala.or.jp,,Mozilla/5.0 (Windows NT 10.0; Win64; x64) AppleWebKit/537.36 (KHTML&#44; like Gecko) Chrome/51.0.2704.79 Safari/537.36 Edge/14.14393,,0
2017/05/15 13:41,깵,13,*.static.zoot.jp,,Mozilla/5.0 (Macintosh; Intel Mac OS X 10_10_5) AppleWebKit/537.36 (KHTML&#44; like Gecko) Chrome/57.0.2987.133 Safari/537.36,,0
2017/05/12 14:54,,14,*.plala.or.jp,,Mozilla/5.0 (Windows NT 10.0; Win64; x64) AppleWebKit/537.36 (KHTML&#44; like Gecko) Chrome/58.0.3029.110 Safari/537.36,,0
2017/05/12 14:23,,14,*.access-internet.ne.jp,,Mozilla/5.0 (Windows NT 10.0; WOW64; Trident/7.0; rv:11.0) like Gecko,,0
2017/05/12 12:33,,12,*.ocn.ne.jp,,Mozilla/5.0 (Windows NT 10.0; WOW64; rv:53.0) Gecko/20100101 Firefox/53.0,,0
2017/05/05 18:15,,18,*.dion.ne.jp,http://aurized-studio.jp/log/log.cgi,Mozilla/5.0 (Macintosh; Intel Mac OS X 10_12_4) AppleWebKit/537.36 (KHTML&#44; like Gecko) Chrome/58.0.3029.96 Safari/537.36,,2017/03/20 20:08
2017/05/05 09:21,,9,*.bbtec.net,,Mozilla/5.0 (Windows NT 6.1; WOW64; Trident/7.0; rv:11.0) like Gecko,,0
2017/05/01 13:53,깵,13,*.ap.nuro.jp,https://www.google.co.jp/,Mozilla/5.0 (Windows NT 6.1; Win64; x64) AppleWebKit/537.36 (KHTML&#44; like Gecko) Chrome/58.0.3029.81 Safari/537.36,,0
2017/04/28 23:20,,23,*.dti.ne.jp,http://t.co/4AFKF7bV1t,Mozilla/5.0 (iPhone; CPU iPhone OS 10_3_1 like Mac OS X) AppleWebKit/603.1.30 (KHTML&#44; like Gecko) Version/10.0 Mobile/14E304 Safari/602.1,,0
2017/04/28 19:36,,19,*.home.ne.jp,http://t.co/4AFKF7bV1t,Mozilla/5.0 (Windows NT 10.0; WOW64) AppleWebKit/537.36 (KHTML&#44; like Gecko) Chrome/58.0.3029.81 Safari/537.36,,0
2017/04/26 19:27,낸,19,*.search.msn.com,,Mozilla/5.0 (Windows NT 6.1; WOW64) AppleWebKit/534+ (KHTML&#44; like Gecko) BingPreview/1.0b,,0
2017/04/26 14:07,낸,14,,https://www.google.co.jp/,Mozilla/5.0 (Windows NT 10.0; WOW64; rv:53.0) Gecko/20100101 Firefox/53.0,,0
2017/04/20 20:08,뒞,20,*.dion.ne.jp,http://aurized-studio.jp/log/log.cgi,Mozilla/5.0 (Macintosh; Intel Mac OS X 10_12_4) AppleWebKit/537.36 (KHTML&#44; like Gecko) Chrome/57.0.2987.133 Safari/537.36,,0
2017/04/20 18:27,뒞,18,*.search.msn.com,,Mozilla/5.0 (Windows NT 6.1; WOW64) AppleWebKit/534+ (KHTML&#44; like Gecko) BingPreview/1.0b,,0
2017/04/13 19:02,뒞,19,*.dion.ne.jp,http://aurized-studio.jp/log/log.cgi,Mozilla/5.0 (Macintosh; Intel Mac OS X 10_12_4) AppleWebKit/537.36 (KHTML&#44; like Gecko) Chrome/57.0.2987.133 Safari/537.36,,2017/03/10 16:24
2017/04/13 07:26,뒞,7,*.bbtec.net,https://www.facebook.com/,Mozilla/5.0 (Macintosh; Intel Mac OS X 10_11_3) AppleWebKit/537.36 (KHTML&#44; like Gecko) Chrome/57.0.2987.133 Safari/537.36,,0
2017/04/11 16:40,괉,16,,,Mozilla/5.0 (compatible; MSIE 9.0; Windows NT 6.0; Trident/5.0;  Trident/5.0),,0
2017/04/10 16:24,깵,16,*.dion.ne.jp,http://aurized-studio.jp/log/log.cgi,Mozilla/5.0 (Macintosh; Intel Mac OS X 10_12_4) AppleWebKit/537.36 (KHTML&#44; like Gecko) Chrome/57.0.2987.133 Safari/537.36,,2017/02/22 13:19
2017/04/10 14:25,깵,14,,http://hp.submit.ne.jp/producer/show/24592,Mozilla/5.0 (Windows NT 6.3; WOW64; Trident/7.0; rv:11.0) like Gecko,,0
2017/04/10 07:43,깵,7,*.ap.gmobb-fix.jp,,Mozilla/5.0 (Windows NT 10.0; Win64; x64) AppleWebKit/537.36 (KHTML&#44; like Gecko) Chrome/57.0.2987.133 Safari/537.36,,0
2017/04/07 19:46,,19,*.thn.ne.jp,https://www.bing.com/,Mozilla/5.0 (Windows NT 10.0; Win64; x64) AppleWebKit/537.36 (KHTML&#44; like Gecko) Chrome/42.0.2311.135 Safari/537.36 Edge/12.10240,,0
2017/04/06 11:13,뒞,11,*.static.zoot.jp,,Mozilla/5.0 (Windows NT 6.3; Win64; x64) AppleWebKit/537.36 (KHTML&#44; like Gecko) Chrome/57.0.2987.133 Safari/537.36,,0
2017/04/04 15:23,괉,15,*.zaq.ne.jp,,Mozilla/5.0 (Windows NT 6.3; Win64; x64; rv:52.0) Gecko/20100101 Firefox/52.0,,2017/02/31 21:16
2017/04/04 14:56,괉,14,*.ib83js.me,,Mozilla/5.0 (Windows NT 10.0; WOW64) AppleWebKit/537.36 (KHTML&#44; like Gecko) Chrome/52.0.2743.116 Safari/537.36,,0
2017/04/04 14:56,괉,14,*.ib83js.me,,Mozilla/5.0 (Windows NT 10.0; WOW64) AppleWebKit/537.36 (KHTML&#44; like Gecko) Chrome/52.0.2743.116 Safari/537.36,,0
2017/04/03 13:07,깵,13,*.nttpc.ne.jp,http://hp.submit.ne.jp/producer/show/24592,Mozilla/5.0 (Windows NT 6.1) AppleWebKit/537.36 (KHTML&#44; like Gecko) Chrome/56.0.2924.87 Safari/537.36,,0
2017/04/02 09:29,,9,*.search.msn.com,,Mozilla/5.0 (Windows NT 6.1; WOW64) AppleWebKit/534+ (KHTML&#44; like Gecko) BingPreview/1.0b,,0
2017/03/31 21:16,,21,*.zaq.ne.jp,,Mozilla/5.0 (Windows NT 6.3; Win64; x64; rv:52.0) Gecko/20100101 Firefox/52.0,,0
2017/03/30 03:50,뒞,3,*.googlebot.com,,Mozilla/5.0 (Linux; Android 6.0.1; Nexus 5X Build/MMB29P) AppleWebKit/537.36 (KHTML&#44; like Gecko) Chrome/41.0.2272.96 Mobile Safari/537.36 (compatible; Googlebot/2.1; +http://www.google.com/bot.html),,0
2017/03/30 03:49,뒞,3,*.google.com,,Mozilla/5.0 (Linux; Android 6.0.1; Nexus 5X Build/MMB29P) AppleWebKit/537.36 (KHTML&#44; like Gecko) Chrome/41.0.2272.96 Mobile Safari/537.36 (compatible; Google Search Console),,0
2017/03/30 03:17,뒞,3,*.google.com,http://www.google.com/search,Mozilla/5.0 (X11; Linux x86_64) AppleWebKit/537.36 (KHTML&#44; like Gecko; Google Web Preview) Chrome/27.0.1453 Safari/537.36,,0
2017/03/27 16:26,깵,16,*.vdc.vn,https://www.google.com.vn/,Mozilla/5.0 (Windows NT 6.1) AppleWebKit/537.36 (KHTML&#44; like Gecko) Chrome/57.0.2987.110 Safari/537.36,,0
2017/03/27 10:48,깵,10,*.search.msn.com,,Mozilla/5.0 (Windows NT 6.1; WOW64) AppleWebKit/534+ (KHTML&#44; like Gecko) BingPreview/1.0b,,0
2017/03/22 17:11,낸,17,*.ocn.ne.jp,http://www.google.co.jp/url?,Mozilla/5.0 (Windows NT 6.1; Trident/7.0; rv:11.0) like Gecko,,0
2017/03/22 13:19,낸,13,*.dion.ne.jp,http://aurized-studio.jp/log/log.cgi,Mozilla/5.0 (Macintosh; Intel Mac OS X 10_12_3) AppleWebKit/537.36 (KHTML&#44; like Gecko) Chrome/56.0.2924.87 Safari/537.36,,2017/02/19 21:05
2017/03/22 12:41,낸,12,*.ap.nuro.jp,,Mozilla/5.0 (Windows NT 10.0) AppleWebKit/537.36 (KHTML&#44; like Gecko) Chrome/56.0.2924.87 Safari/537.36,,0
2017/03/21 20:20,괉,20,*.search.msn.com,,Mozilla/5.0 (Windows NT 6.1; WOW64) AppleWebKit/534+ (KHTML&#44; like Gecko) BingPreview/1.0b,,0
2017/03/21 11:23,괉,11,*.static.zoot.jp,,Mozilla/5.0 (Windows NT 10.0; Win64; x64) AppleWebKit/537.36 (KHTML&#44; like Gecko) Chrome/56.0.2924.87 Safari/537.36,,2017/02/13 16:05
2017/03/20 00:14,깵,0,*.ocn.ne.jp,https://github.com/,Mozilla/5.0 (Macintosh; Intel Mac OS X 10_11_6) AppleWebKit/537.36 (KHTML&#44; like Gecko) Chrome/56.0.2924.87 Safari/537.36 Kinza/3.7.0,,0
2017/03/19 21:05,,21,*.dion.ne.jp,https://www.google.co.jp/,Mozilla/5.0 (Macintosh; Intel Mac OS X 10_12_3) AppleWebKit/537.36 (KHTML&#44; like Gecko) Chrome/56.0.2924.87 Safari/537.36,,2017/02/15 19:20
2017/03/17 21:06,,21,*.ucom.ne.jp,,Mozilla/5.0 (iPhone; CPU iPhone OS 10_2_1 like Mac OS X) AppleWebKit/602.4.6 (KHTML&#44; like Gecko) Version/10.0 Mobile/14D27 Safari/602.1,,2017/01/20 09:41
2017/03/16 13:18,뒞,13,*.air.mopera.net,,Mozilla/5.0 (Macintosh; Intel Mac OS X 10_11_6) AppleWebKit/537.36 (KHTML&#44; like Gecko) Chrome/56.0.2924.87 Safari/537.36,,0
2017/03/15 20:20,낸,20,*.google.com,https://www.google.co.jp/,Mozilla/5.0 (Linux; Android 7.0; LGV34 Build/NRD90U) AppleWebKit/537.36 (KHTML&#44; like Gecko) Chrome/56.0.2924.87 Mobile Safari/537.36,,0
2017/03/15 19:20,낸,19,*.dion.ne.jp,http://aurized-studio.jp/log/log.cgi,Mozilla/5.0 (Macintosh; Intel Mac OS X 10_12_3) AppleWebKit/537.36 (KHTML&#44; like Gecko) Chrome/56.0.2924.87 Safari/537.36,,2017/02/15 13:38
2017/03/15 13:38,낸,13,*.dion.ne.jp,http://aurized-studio.jp/log/log.cgi,Mozilla/5.0 (Macintosh; Intel Mac OS X 10_12_3) AppleWebKit/537.36 (KHTML&#44; like Gecko) Chrome/56.0.2924.87 Safari/537.36,,2017/02/13 19:33
2017/03/15 11:57,낸,11,*.global.crust-r.net,,Mozilla/5.0 (Macintosh; Intel Mac OS X 10_12_3) AppleWebKit/537.36 (KHTML&#44; like Gecko) Chrome/57.0.2987.98 Safari/537.36,,0
2017/03/13 19:33,깵,19,*.dion.ne.jp,http://aurized-studio.jp/log/log.cgi,Mozilla/5.0 (Macintosh; Intel Mac OS X 10_12_3) AppleWebKit/537.36 (KHTML&#44; like Gecko) Chrome/56.0.2924.87 Safari/537.36,,2017/02/07 19:44
2017/03/13 16:05,깵,16,*.static.zoot.jp,,Mozilla/5.0 (Windows NT 10.0; Win64; x64) AppleWebKit/537.36 (KHTML&#44; like Gecko) Chrome/56.0.2924.87 Safari/537.36,,0
2017/03/13 02:24,깵,2,*.ntwk.msn.net,,Mozilla/5.0 (Windows NT 6.1; WOW64) AppleWebKit/534+ (KHTML&#44; like Gecko) BingPreview/1.0b,,0
2017/03/07 23:27,괉,23,*.search.msn.com,,Mozilla/5.0 (Windows NT 6.1; WOW64) AppleWebKit/534+ (KHTML&#44; like Gecko) BingPreview/1.0b,,0
2017/03/07 19:44,괉,19,*.dion.ne.jp,http://aurized-studio.jp/log/log.cgi,Mozilla/5.0 (Macintosh; Intel Mac OS X 10_12_3) AppleWebKit/537.36 (KHTML&#44; like Gecko) Chrome/56.0.2924.87 Safari/537.36,,2017/01/28 09:52
2017/03/07 19:09,괉,19,*.ap.gmobb-fix.jp,,Mozilla/5.0 (Windows NT 10.0; Win64; x64) AppleWebKit/537.36 (KHTML&#44; like Gecko) Chrome/56.0.2924.87 Safari/537.36,,0
2017/03/07 13:08,괉,13,*.bb.netbynet.ru,http://yandex.ru/clck/jsredir?,Mozilla/5.0 (Windows NT 6.1; WOW64) AppleWebKit/537.36 (KHTML&#44; like Gecko) Chrome/31.0.1650.57 Safari/537.36,,0
2017/03/06 16:40,깵,16,*.search.msn.com,,Mozilla/5.0 (Windows NT 6.1; WOW64) AppleWebKit/534+ (KHTML&#44; like Gecko) BingPreview/1.0b,,0
2017/03/06 02:16,깵,2,*.search.msn.com,,Mozilla/5.0 (Windows NT 6.1; WOW64) AppleWebKit/534+ (KHTML&#44; like Gecko) BingPreview/1.0b,,0
2017/03/05 14:11,,14,*.search.msn.com,,Mozilla/5.0 (Windows NT 6.1; WOW64) AppleWebKit/534+ (KHTML&#44; like Gecko) BingPreview/1.0b,,0
2017/03/04 18:28,늧,18,*.search.msn.com,,Mozilla/5.0 (Windows NT 6.1; WOW64) AppleWebKit/534+ (KHTML&#44; like Gecko) BingPreview/1.0b,,0
2017/03/03 08:55,,8,,,Mozilla/5.0 (Macintosh; Intel Mac OS X 10_12_4) AppleWebKit/537.36 (KHTML&#44; like Gecko) 			Chrome/55.0.2883.95 Safari/537.36,,0
2017/03/03 08:55,,8,*.ocn.ne.jp,,Mozilla/5.0 (Windows NT 10.0) AppleWebKit/537.36 (KHTML&#44; like Gecko) Chrome/56.0.2924.87 Safari/537.36,,0
2017/03/03 07:28,,7,*.search.msn.com,,Mozilla/5.0 (Windows NT 6.1; WOW64) AppleWebKit/534+ (KHTML&#44; like Gecko) BingPreview/1.0b,,0
2017/03/02 22:29,뒞,22,*.nttpc.ne.jp,http://hp.submit.ne.jp/producer/show/24592,Mozilla/5.0 (Windows NT 10.0; Win64; x64) AppleWebKit/537.36 (KHTML&#44; like Gecko) Chrome/56.0.2924.87 Safari/537.36,,0
2017/03/02 22:15,뒞,22,*.fnnr.j-cnet.jp,,Mozilla/5.0 (Windows NT 6.1; WOW64; Trident/7.0; rv:11.0) like Gecko,,0
2017/03/02 03:49,뒞,3,*.search.msn.com,,Mozilla/5.0 (Windows NT 6.1; WOW64) AppleWebKit/534+ (KHTML&#44; like Gecko) BingPreview/1.0b,,0
2017/03/01 19:01,낸,19,*.dion.ne.jp,,Mozilla/5.0 (Windows NT 6.3; Win64; x64) AppleWebKit/537.36 (KHTML&#44; like Gecko) Chrome/56.0.2924.87 Safari/537.36,,0
2017/03/01 12:10,낸,12,*.so-net.ne.jp,http://t.co/4AFKF7bV1t,Mozilla/5.0 (Macintosh; Intel Mac OS X 10_11_6) AppleWebKit/537.36 (KHTML&#44; like Gecko) Chrome/56.0.2924.87 Safari/537.36,,0
2017/02/28 10:20,괉,10,*.dion.ne.jp,http://search.yahoo.co.jp/,Mozilla/5.0 (Macintosh; Intel Mac OS X 10.12; rv:51.0) Gecko/20100101 Firefox/51.0,,0
2017/02/28 09:52,괉,9,*.dion.ne.jp,http://aurized-studio.jp/log/log.cgi,Mozilla/5.0 (Macintosh; Intel Mac OS X 10_12_0) AppleWebKit/537.36 (KHTML&#44; like Gecko) Chrome/56.0.2924.87 Safari/537.36,,2017/01/27 11:40
2017/02/27 19:06,깵,19,*.so-net.ne.jp,http://t.co/4AFKF7bV1t,Mozilla/5.0 (Macintosh; Intel Mac OS X 10_10_5) AppleWebKit/537.36 (KHTML&#44; like Gecko) Chrome/56.0.2924.87 Safari/537.36,,0
2017/02/27 10:57,깵,10,*.dion.ne.jp,https://www.google.co.jp/,Mozilla/5.0 (Macintosh; Intel Mac OS X 10_11_6) AppleWebKit/537.36 (KHTML&#44; like Gecko) Chrome/56.0.2924.87 Safari/537.36,,2017/01/27 08:08
2017/02/27 07:55,깵,7,*.dion.ne.jp,http://aurized-studio.jp/log/log.cgi,Mozilla/5.0 (Macintosh; Intel Mac OS X 10_11_6) AppleWebKit/537.36 (KHTML&#44; like Gecko) Chrome/56.0.2924.87 Safari/537.36,,2017/01/26 01:55
2017/02/26 01:55,,1,*.dion.ne.jp,http://aurized-studio.jp/log/log.cgi,Mozilla/5.0 (Macintosh; Intel Mac OS X 10_11_6) AppleWebKit/537.36 (KHTML&#44; like Gecko) Chrome/56.0.2924.87 Safari/537.36,,2017/01/25 05:54
2017/02/25 09:03,늧,9,*.search.msn.com,,Mozilla/5.0 (Windows NT 6.1; WOW64) AppleWebKit/534+ (KHTML&#44; like Gecko) BingPreview/1.0b,,0
2017/02/25 05:20,늧,5,*.dion.ne.jp,,Mozilla/5.0 (Windows NT 10.0; WOW64; rv:51.0) Gecko/20100101 Firefox/51.0,,2017/01/25 03:20
2017/02/25 05:18,늧,5,*.dion.ne.jp,,Mozilla/5.0 (Windows NT 10.0; Win64; x64) AppleWebKit/537.36 (KHTML&#44; like Gecko) Chrome/51.0.2704.79 Safari/537.36 Edge/14.14393,,2017/01/25 03:20
2017/02/25 04:36,늧,4,*.dion.ne.jp,http://aurized-studio.jp/log/log.cgi,Mozilla/5.0 (Macintosh; Intel Mac OS X 10_11_6) AppleWebKit/537.36 (KHTML&#44; like Gecko) Chrome/56.0.2924.87 Safari/537.36,,2017/01/25 03:34
2017/02/25 04:36,늧,4,*.dion.ne.jp,,Mozilla/5.0 (Windows NT 10.0; WOW64; Trident/7.0; rv:11.0) like Gecko,,2017/01/25 03:18
2017/02/25 04:34,늧,4,*.dion.ne.jp,,Mozilla/5.0 (Windows NT 10.0; WOW64) AppleWebKit/537.36 (KHTML&#44; like Gecko) Chrome/56.0.2924.87 Safari/537.36,,2017/01/25 03:26
2017/02/25 03:21,늧,3,*.dion.ne.jp,,Mozilla/5.0 (Windows NT 10.0; WOW64) AppleWebKit/537.36 (KHTML&#44; like Gecko) Chrome/56.0.2924.87 Safari/537.36,,0
2017/02/25 03:20,늧,3,*.dion.ne.jp,,Mozilla/5.0 (Windows NT 10.0; WOW64; rv:51.0) Gecko/20100101 Firefox/51.0,,0
2017/02/25 03:18,늧,3,*.dion.ne.jp,,Mozilla/5.0 (Windows NT 10.0; Win64; x64) AppleWebKit/537.36 (KHTML&#44; like Gecko) Chrome/51.0.2704.79 Safari/537.36 Edge/14.14393,,0
2017/02/25 03:12,늧,3,*.dion.ne.jp,,Mozilla/5.0 (Windows NT 10.0; WOW64; Trident/7.0; rv:11.0) like Gecko,,0
2017/02/25 03:02,늧,3,*.dion.ne.jp,http://aurized-studio.jp/log/log.cgi,Mozilla/5.0 (Macintosh; Intel Mac OS X 10_11_6) AppleWebKit/537.36 (KHTML&#44; like Gecko) Chrome/56.0.2924.87 Safari/537.36,,2017/01/24 15:42
2017/02/24 15:42,,15,*.dion.ne.jp,http://aurized-studio.jp/log/log.cgi,Mozilla/5.0 (Macintosh; Intel Mac OS X 10_11_6) AppleWebKit/537.36 (KHTML&#44; like Gecko) Chrome/56.0.2924.87 Safari/537.36,,2017/01/23 00:57
2017/02/23 00:44,뒞,0,*.dion.ne.jp,http://aurized-studio.jp/log/log.cgi,Mozilla/5.0 (Macintosh; Intel Mac OS X 10_11_6) AppleWebKit/537.36 (KHTML&#44; like Gecko) Chrome/56.0.2924.87 Safari/537.36,,2017/01/20 10:53
2017/02/22 19:22,낸,19,*.ocn.ne.jp,,Mozilla/5.0 (Windows NT 6.3; WOW64; rv:51.0) Gecko/20100101 Firefox/51.0,,0
2017/02/21 17:20,괉,17,*.doubleroute.jp,,Mozilla/5.0 (Windows NT 6.1; WOW64; Trident/7.0; rv:11.0) like Gecko,,0
2017/02/21 12:39,괉,12,*.bf.2iij.net,https://search.yahoo.co.jp/,Mozilla/5.0 (iPhone; CPU iPhone OS 10_2 like Mac OS X) AppleWebKit/602.3.12 (KHTML&#44; like Gecko) Version/10.0 Mobile/14C92 Safari/602.1,,0
2017/02/20 10:53,깵,10,*.dion.ne.jp,http://aurized-studio.jp/log/log.cgi,Mozilla/5.0 (Macintosh; Intel Mac OS X 10_11_6) AppleWebKit/537.36 (KHTML&#44; like Gecko) Chrome/56.0.2924.87 Safari/537.36,,0
2017/02/20 09:41,깵,9,*.ucom.ne.jp,,Mozilla/5.0 (iPhone; CPU iPhone OS 10_2_1 like Mac OS X) AppleWebKit/602.4.6 (KHTML&#44; like Gecko) Version/10.0 Mobile/14D27 Safari/602.1,,2017/01/20 07:05
2017/02/20 07:05,깵,7,*.ucom.ne.jp,,Mozilla/5.0 (iPhone; CPU iPhone OS 10_2_1 like Mac OS X) AppleWebKit/602.4.6 (KHTML&#44; like Gecko) Version/10.0 Mobile/14D27 Safari/602.1,,2017/01/18 09:51
2017/02/19 22:01,,22,*.search.msn.com,,Mozilla/5.0 (Windows NT 6.1; WOW64) AppleWebKit/534+ (KHTML&#44; like Gecko) BingPreview/1.0b,,0
2017/02/18 10:04,늧,10,*.doubleroute.jp,,Mozilla/5.0 (Windows NT 6.1; WOW64; Trident/7.0; rv:11.0) like Gecko,,0
2017/02/18 09:51,늧,9,*.au-net.ne.jp,,Mozilla/5.0 (iPhone; CPU iPhone OS 10_2_1 like Mac OS X) AppleWebKit/602.4.6 (KHTML&#44; like Gecko) Version/10.0 Mobile/14D27 Safari/602.1,,0
2017/02/17 16:03,,16,*.ap.nuro.jp,https://www.google.co.jp/,Mozilla/5.0 (Windows NT 6.1; WOW64; rv:51.0) Gecko/20100101 Firefox/51.0,,0
2017/02/10 11:56,,11,*.so-net.ne.jp,https://www.bing.com/,Mozilla/5.0 (Windows NT 10.0; Win64; x64) AppleWebKit/537.36 (KHTML&#44; like Gecko) Chrome/51.0.2704.79 Safari/537.36 Edge/14.14393,,0
2017/02/08 21:31,낸,21,*.bbtec.net,,Mozilla/5.0 (Windows NT 10.0; Win64; x64) AppleWebKit/537.36 (KHTML&#44; like Gecko) Chrome/51.0.2704.79 Safari/537.36 Edge/14.14393,,0
2017/02/07 10:52,괉,10,*.search.msn.com,,Mozilla/5.0 (Windows NT 6.1; WOW64) AppleWebKit/534+ (KHTML&#44; like Gecko) BingPreview/1.0b,,0
2017/02/07 09:50,괉,9,*.ocn.ne.jp,https://www.google.co.jp/,Mozilla/5.0 (Windows NT 6.3; WOW64) AppleWebKit/537.36 (KHTML&#44; like Gecko) Chrome/56.0.2924.87 Safari/537.36,,0
2017/02/02 20:36,뒞,20,*.ocn.ne.jp,https://www.google.co.jp/,Mozilla/5.0 (Macintosh; Intel Mac OS X 10_11_4) AppleWebKit/537.36 (KHTML&#44; like Gecko) Chrome/55.0.2883.95 Safari/537.36,,0
2017/02/02 13:34,뒞,13,*.so-net.ne.jp,,Mozilla/5.0 (Windows NT 6.3; Win64; x64) AppleWebKit/537.36 (KHTML&#44; like Gecko) Chrome/56.0.2924.76 Safari/537.36,,0
2017/02/02 10:50,뒞,10,*.search.msn.com,,Mozilla/5.0 (Windows NT 6.1; WOW64) AppleWebKit/534+ (KHTML&#44; like Gecko) BingPreview/1.0b,,0
2017/01/28 18:33,늧,18,,,Mozilla/5.0 (compatible; MSIE 9.0; Windows NT 6.0; Trident/5.0;  Trident/5.0),,0
2017/01/26 23:59,뒞,23,*.search.msn.com,,Mozilla/5.0 (Windows NT 6.1; WOW64) AppleWebKit/534+ (KHTML&#44; like Gecko) BingPreview/1.0b,,0
2017/01/24 20:28,괉,20,*.ucom.ne.jp,https://www.google.co.jp/,Mozilla/5.0 (Windows NT 10.0; WOW64) AppleWebKit/537.36 (KHTML&#44; like Gecko) Chrome/55.0.2883.87 Safari/537.36,,0
2017/01/24 14:37,괉,14,*.ocn.ne.jp,https://www.google.co.jp/,Mozilla/5.0 (Windows NT 6.1; Win64; x64) AppleWebKit/537.36 (KHTML&#44; like Gecko) Chrome/55.0.2883.87 Safari/537.36,,0
2017/01/20 23:49,,23,,,Mozilla/5.0 (Windows NT 6.1; WOW64) AppleWebKit/534+ (KHTML&#44; like Gecko) BingPreview/1.0b,,0
2017/01/20 02:56,,2,*.au-net.ne.jp,,Mozilla/5.0 (Macintosh; Intel Mac OS X 10_12_2) AppleWebKit/537.36 (KHTML&#44; like Gecko) Chrome/55.0.2883.95 Safari/537.36,,0
2017/01/19 23:45,뒞,23,*.bbtec.net,http://search.yahoo.co.jp/,Mozilla/5.0 (iPhone; CPU iPhone OS 8_4_1 like Mac OS X) AppleWebKit/600.1.4 (KHTML&#44; like Gecko) Version/8.0 Mobile/12H321 Safari/600.1.4,,0
2017/01/19 23:41,뒞,23,*.iij4u.or.jp,http://t.co/4AFKF7bV1t,Mozilla/5.0 (iPhone; CPU iPhone OS 10_2 like Mac OS X) AppleWebKit/602.1.32 (KHTML&#44; like Gecko) Mobile/14C92 Twitter for iPhone,,0
2017/01/19 19:14,뒞,19,*.dion.ne.jp,http://aurized-studio.jp/log/log.cgi,Mozilla/5.0 (Macintosh; Intel Mac OS X 10_11_6) AppleWebKit/537.36 (KHTML&#44; like Gecko) Chrome/55.0.2883.95 Safari/537.36,,2017/00/18 15:51
2017/01/18 15:51,낸,15,*.dion.ne.jp,http://aurized-studio.jp/log/log.cgi,Mozilla/5.0 (Macintosh; Intel Mac OS X 10_11_6) AppleWebKit/537.36 (KHTML&#44; like Gecko) Chrome/55.0.2883.95 Safari/537.36,,2017/00/17 16:48
2017/01/18 15:22,낸,15,*.ocn.ne.jp,http://becoming.sakura.ne.jp/killburn/gig.html,Mozilla/5.0 (Windows NT 10.0; WOW64) AppleWebKit/537.36 (KHTML&#44; like Gecko) Chrome/55.0.2883.87 Safari/537.36,,0
2017/01/17 16:47,괉,16,*.dion.ne.jp,http://aurized-studio.jp/log/log.cgi,Mozilla/5.0 (Macintosh; Intel Mac OS X 10_11_6) AppleWebKit/537.36 (KHTML&#44; like Gecko) Chrome/55.0.2883.95 Safari/537.36,,2017/00/16 17:57
2017/01/16 17:57,깵,17,*.dion.ne.jp,http://aurized-studio.jp/log/log.cgi,Mozilla/5.0 (Macintosh; Intel Mac OS X 10_11_6) AppleWebKit/537.36 (KHTML&#44; like Gecko) Chrome/55.0.2883.95 Safari/537.36,,0
2017/01/16 15:40,깵,15,*.so-net.ne.jp,,Mozilla/5.0 (Macintosh; Intel Mac OS X 10_11_6) AppleWebKit/537.36 (KHTML&#44; like Gecko) Chrome/55.0.2883.95 Safari/537.36,,0
2017/01/13 18:24,,18,*.ucom.ne.jp,,Mozilla/5.0 (Macintosh; Intel Mac OS X 10_12_2) AppleWebKit/537.36 (KHTML&#44; like Gecko) Chrome/49.0.2623.87 Safari/537.36,,0
2017/01/12 17:14,뒞,17,*.so-net.ne.jp,,Mozilla/5.0 (Macintosh; Intel Mac OS X 10_9_5) AppleWebKit/537.36 (KHTML&#44; like Gecko) Chrome/55.0.2883.95 Safari/537.36,,0
2017/01/11 12:33,낸,12,*.ocn.ne.jp,,Mozilla/5.0 (Windows NT 10.0; WOW64) AppleWebKit/537.36 (KHTML&#44; like Gecko) Chrome/55.0.2883.87 Safari/537.36,,0
2017/01/08 22:39,,22,*.search.msn.com,,Mozilla/5.0 (Windows NT 6.1; WOW64) AppleWebKit/534+ (KHTML&#44; like Gecko) BingPreview/1.0b,,0
2017/01/07 00:00,늧,0,*.bbtec.net,http://t.co/4AFKF7bV1t,Mozilla/5.0 (Macintosh; Intel Mac OS X 10_11_6) AppleWebKit/537.36 (KHTML&#44; like Gecko) Chrome/55.0.2883.95 Safari/537.36,,0
2017/01/06 23:18,,23,*.mesh.ad.jp,https://search.yahoo.co.jp/,Mozilla/5.0 (iPhone; CPU iPhone OS 10_2 like Mac OS X) AppleWebKit/602.3.12 (KHTML&#44; like Gecko) Version/10.0 Mobile/14C92 Safari/602.1,,0
2017/01/06 20:53,,20,*.infoweb.ne.jp,,Mozilla/5.0 (Windows NT 10.0; Win64; x64) AppleWebKit/537.36 (KHTML&#44; like Gecko) Chrome/51.0.2704.79 Safari/537.36 Edge/14.14393,,2016/11/29 04:56
2017/01/05 18:36,뒞,18,*.u-tokyo.ac.jp,,Mozilla/5.0 (compatible; Steeler/3.5; http://www.tkl.iis.u-tokyo.ac.jp/~crawler/),,0
2017/01/05 14:22,뒞,14,*.bbtec.net,https://www.google.com/,Mozilla/5.0 (Macintosh; Intel Mac OS X 10_11_6) AppleWebKit/537.36 (KHTML&#44; like Gecko) Chrome/55.0.2883.95 Safari/537.36,,0
2017/01/04 16:25,낸,16,*.search.msn.com,,Mozilla/5.0 (Windows NT 6.1; WOW64) AppleWebKit/534+ (KHTML&#44; like Gecko) BingPreview/1.0b,,0
2017/01/01 12:25,,12,*.ppp.bbiq.jp,,Mozilla/5.0 (Macintosh; Intel Mac OS X 10_12_2) AppleWebKit/602.3.12 (KHTML&#44; like Gecko) Version/10.0.2 Safari/602.3.12,,0
2016/12/31 15:39,늧,15,*.ocn.ne.jp,http://t.co/4AFKF7bV1t,Mozilla/5.0 (Linux; Android 6.0.1; SC-04F Build/MMB29M) AppleWebKit/537.36 (KHTML&#44; like Gecko) Chrome/55.0.2883.91 Mobile Safari/537.36,,0
2016/12/30 21:39,,21,*.dion.ne.jp,http://aurized-studio.jp/log/log.cgi,Mozilla/5.0 (Macintosh; Intel Mac OS X 10_11_6) AppleWebKit/537.36 (KHTML&#44; like Gecko) Chrome/55.0.2883.95 Safari/537.36,,2016/11/29 15:27
2016/12/29 15:27,뒞,15,*.dion.ne.jp,http://aurized-studio.jp/log/log.cgi,Mozilla/5.0 (Macintosh; Intel Mac OS X 10_11_6) AppleWebKit/537.36 (KHTML&#44; like Gecko) Chrome/55.0.2883.95 Safari/537.36,,2016/11/27 12:57
2016/12/29 04:56,뒞,4,*.infoweb.ne.jp,,Mozilla/5.0 (Windows NT 10.0; Win64; x64) AppleWebKit/537.36 (KHTML&#44; like Gecko) Chrome/51.0.2704.79 Safari/537.36 Edge/14.14393,,2016/10/29 06:35
2016/12/27 18:54,괉,18,*.ocn.ne.jp,http://www.bing.com/search?,Mozilla/5.0 (Windows NT 6.1; WOW64; Trident/7.0; rv:11.0) like Gecko,,0
2016/12/27 12:57,괉,12,*.dion.ne.jp,http://aurized-studio.jp/log/log.cgi,Mozilla/5.0 (Macintosh; Intel Mac OS X 10_11_6) AppleWebKit/537.36 (KHTML&#44; like Gecko) Chrome/55.0.2883.95 Safari/537.36,,2016/11/21 20:50
2016/12/27 11:37,괉,11,*.plala.or.jp,http://blogs.yahoo.co.jp/vk8yo/folder/64841.html,Mozilla/5.0 (Windows NT 6.1; Trident/7.0; rv:11.0) like Gecko,,0
2016/12/25 17:37,,17,*.search.msn.com,,Mozilla/5.0 (Windows NT 6.1; WOW64) AppleWebKit/534+ (KHTML&#44; like Gecko) BingPreview/1.0b,,0
2016/12/24 14:38,늧,14,*.ucom.ne.jp,http://search.yahoo.co.jp/,Mozilla/5.0 (Windows NT 10.0; Win64; x64) AppleWebKit/537.36 (KHTML&#44; like Gecko) Chrome/51.0.2704.79 Safari/537.36 Edge/14.14393,,0
2016/12/22 15:59,뒞,15,*.ap.nuro.jp,http://t.co/4AFKF7bV1t,Mozilla/5.0 (Macintosh; Intel Mac OS X 10_11_6) AppleWebKit/537.36 (KHTML&#44; like Gecko) Chrome/55.0.2883.95 Safari/537.36,,0
2016/12/21 20:50,낸,20,*.dion.ne.jp,http://aurized-studio.jp/log/log.cgi,Mozilla/5.0 (Macintosh; Intel Mac OS X 10_11_6) AppleWebKit/537.36 (KHTML&#44; like Gecko) Chrome/55.0.2883.95 Safari/537.36,,2016/11/11 19:48
2016/12/20 02:55,괉,2,*.u-tokyo.ac.jp,,Mozilla/5.0 (compatible; Steeler/3.5; http://www.tkl.iis.u-tokyo.ac.jp/~crawler/),,0
2016/12/16 15:07,,15,*.access-internet.ne.jp,https://www.google.co.jp/,Mozilla/5.0 (iPhone; CPU iPhone OS 10_1_1 like Mac OS X) AppleWebKit/602.2.14 (KHTML&#44; like Gecko) Version/10.0 Mobile/14B100 Safari/602.1,,0
2016/12/15 18:35,뒞,18,,http://hp.submit.ne.jp/producer/show/24592,Mozilla/5.0 (Windows NT 6.3; WOW64; Trident/7.0; rv:11.0) like Gecko,,2016/10/17 11:01
2016/12/14 13:25,낸,13,*.mesh.ad.jp,https://www.google.co.jp/,Mozilla/5.0 (Macintosh; Intel Mac OS X 10_11_6) AppleWebKit/602.2.14 (KHTML&#44; like Gecko) Version/10.0.1 Safari/602.2.14,,0
2016/12/11 19:39,,19,*.dion.ne.jp,http://aurized-studio.jp/log/log.cgi,Mozilla/5.0 (Macintosh; Intel Mac OS X 10_11_6) AppleWebKit/537.36 (KHTML&#44; like Gecko) Chrome/54.0.2840.98 Safari/537.36,,0
2016/12/11 00:39,,0,*.infoweb.ne.jp,http://blogs.yahoo.co.jp/vk8yo/15826383.html,Mozilla/5.0 (iPad; CPU OS 7_1_1 like Mac OS X) AppleWebKit/537.51.2 (KHTML&#44; like Gecko) CriOS/45.0.2454.89 Mobile/11D201 Safari/9537.53,,0
2016/12/09 09:15,,9,*.ip-158-69-229.net,,Mozilla/5.0 (Windows NT 10.0; WOW64) AppleWebKit/537.36 (KHTML&#44; like Gecko) Chrome/52.0.2743.116 Safari/537.36,,0
2016/12/09 00:48,,0,,,Mozilla/5.0 (Macintosh; Intel Mac OS X 10_10_0) AppleWebKit/537.36 (KHTML&#44; like Gecko) Chrome/38.0.2125.101 Safari/537.36,,0
2016/12/08 18:52,뒞,18,*.so-net.ne.jp,,Mozilla/5.0 (iPhone; CPU iPhone OS 10_1_1 like Mac OS X) AppleWebKit/602.2.14 (KHTML&#44; like Gecko) Mobile/14B150 Safari Line/6.9.0,,0
2016/12/08 11:44,뒞,11,*.ocn.ne.jp,http://www.sohovillage.com/AurizedStudio/,Mozilla/5.0 (Windows NT 10.0; Win64; x64) AppleWebKit/537.36 (KHTML&#44; like Gecko) Chrome/54.0.2840.99 Safari/537.36,,0
2016/12/08 01:06,뒞,1,*.google.com,http://www.google.co.jp/url?,Mozilla/5.0 (Windows NT 6.1; Win64; x64; Trident/7.0; rv:11.0) like Gecko,,0
2016/12/08 01:06,뒞,1,*.google.com,http://www.google.co.jp/url?,Mozilla/5.0 (Windows NT 10.0; Win64; x64) AppleWebKit/537.36 (KHTML&#44; like Gecko) Chrome/51.0.2704.79 Safari/537.36 Edge/14.14393,,0
2016/12/08 01:06,뒞,1,*.google.com,http://www.google.co.kr/url?,Mozilla/5.0 (Linux; Android 6.0.1; SM-N910V Build/MMB29M) AppleWebKit/537.36 (KHTML&#44; like Gecko) Chrome/54.0.2840.85 Mobile Safari/537.36,,0
2016/12/07 03:58,낸,3,*.search.msn.com,,Mozilla/5.0 (Windows NT 6.1; WOW64) AppleWebKit/534+ (KHTML&#44; like Gecko) BingPreview/1.0b,,0
2016/12/04 15:37,,15,*.panda-world.ne.jp,http://becoming.sakura.ne.jp/killburn/gig.html,Mozilla/5.0 (iPhone; CPU iPhone OS 10_1_1 like Mac OS X) AppleWebKit/602.2.14 (KHTML&#44; like Gecko) Version/10.0 Mobile/14B100 Safari/602.1,,0
2016/12/03 22:36,늧,22,*.dion.ne.jp,http://aurized-studio.jp/log/log.cgi,Mozilla/5.0 (Macintosh; Intel Mac OS X 10_11_6) AppleWebKit/537.36 (KHTML&#44; like Gecko) Chrome/54.0.2840.98 Safari/537.36,,2016/11/02 00:18
2016/12/03 10:36,늧,10,*.infoweb.ne.jp,android-app://com.google.android.apps.plus/https/plus.url.google.com/mobileapp,Mozilla/5.0 (Linux; Android 4.2.2; LaVieTab PC-TE510S1 Build/JDQ39) AppleWebKit/537.36 (KHTML&#44; like Gecko) Chrome/54.0.2840.85 Safari/537.36,,0
2016/12/02 18:35,,18,*.ap.gmo-isp.jp,,Mozilla/5.0 (Macintosh; Intel Mac OS X 10_12_1) AppleWebKit/537.36 (KHTML&#44; like Gecko) Chrome/55.0.2883.59 Safari/537.36,,0
2016/12/02 00:18,,0,*.dion.ne.jp,http://aurized-studio.jp/log/log.cgi,Mozilla/5.0 (Macintosh; Intel Mac OS X 10_11_6) AppleWebKit/537.36 (KHTML&#44; like Gecko) Chrome/54.0.2840.98 Safari/537.36,,2016/11/01 01:35
2016/12/01 17:40,뒞,17,*.infoweb.ne.jp,,Mozilla/5.0 (Windows NT 10.0; WOW64; Trident/7.0; rv:11.0) like Gecko,,2016/11/01 12:42
2016/12/01 12:42,뒞,12,*.infoweb.ne.jp,,Mozilla/5.0 (Windows NT 10.0; WOW64; Trident/7.0; rv:11.0) like Gecko,,2016/11/01 10:44
2016/12/01 12:38,뒞,12,*.dion.ne.jp,https://www.bing.com/,Mozilla/5.0 (Windows NT 10.0; Win64; x64) AppleWebKit/537.36 (KHTML&#44; like Gecko) Chrome/51.0.2704.79 Safari/537.36 Edge/14.14393,,0
2016/12/01 12:32,뒞,12,*.dion.ne.jp,https://www.bing.com/,Mozilla/5.0 (Windows NT 10.0; WOW64; Trident/7.0; rv:11.0) like Gecko,,0
2016/12/01 11:04,뒞,11,*.au-net.ne.jp,http://aurized-studio.jp/log/log.cgi,Mozilla/5.0 (Linux; Android 4.4.4; KYV33 Build/103.0.3000) AppleWebKit/537.36 (KHTML&#44; like Gecko) Chrome/53.0.2785.124 Mobile Safari/537.36,,0
2016/12/01 10:42,뒞,10,*.infoweb.ne.jp,,Mozilla/5.0 (Windows NT 10.0; WOW64; Trident/7.0; rv:11.0) like Gecko,,0
2016/12/01 08:39,뒞,8,*.panda-world.ne.jp,,Mozilla/5.0 (Windows NT 10.0; WOW64; Trident/7.0; rv:11.0) like Gecko,,0
2016/12/01 01:35,뒞,1,*.dion.ne.jp,http://aurized-studio.jp/log/log.cgi,Mozilla/5.0 (Macintosh; Intel Mac OS X 10_11_6) AppleWebKit/537.36 (KHTML&#44; like Gecko) Chrome/54.0.2840.98 Safari/537.36,,2016/11/01 00:32
2016/12/01 00:29,뒞,0,*.dion.ne.jp,http://aurized-studio.jp/log/log.cgi,Mozilla/5.0 (Macintosh; Intel Mac OS X 10_11_6) AppleWebKit/537.36 (KHTML&#44; like Gecko) Chrome/54.0.2840.98 Safari/537.36,,2016/10/28 17:51
2016/11/29 06:35,괉,6,*.infoweb.ne.jp,https://www.google.co.jp/,Mozilla/5.0 (Windows NT 10.0; Win64; x64) AppleWebKit/537.36 (KHTML&#44; like Gecko) Chrome/46.0.2486.0 Safari/537.36 Edge/13.10586,,0
2016/11/28 17:51,깵,17,*.dion.ne.jp,http://aurized-studio.jp/log/log.cgi,Mozilla/5.0 (Macintosh; Intel Mac OS X 10_11_6) AppleWebKit/537.36 (KHTML&#44; like Gecko) Chrome/54.0.2840.98 Safari/537.36,,2016/10/28 16:27
2016/11/28 16:17,깵,16,*.google.com,http://www.google.no/url?,Mozilla/5.0 (Windows NT 6.1; Win64; x64; Trident/7.0; rv:11.0) like Gecko,,0
2016/11/28 16:17,깵,16,*.google.com,http://www.google.no/url?,Mozilla/5.0 (Windows NT 6.1) AppleWebKit/537.36 (KHTML&#44; like Gecko) Chrome/53.0.2785.116 Safari/537.36,,0
2016/11/28 16:17,깵,16,*.google.com,http://www.google.no/url?,Mozilla/5.0 (Linux; Android 6.0.1; SAMSUNG SM-G920T Build/MMB29K) AppleWebKit/537.36 (KHTML&#44; like Gecko) SamsungBrowser/4.0 Chrome/44.0.2403.133 Mobile Safari/537.36,,0
2016/11/28 15:42,깵,15,*.dion.ne.jp,http://aurized-studio.jp/log/log.cgi,Mozilla/5.0 (Macintosh; Intel Mac OS X 10_11_6) AppleWebKit/537.36 (KHTML&#44; like Gecko) Chrome/54.0.2840.98 Safari/537.36,,2016/10/28 10:29
2016/11/28 10:29,깵,10,*.dion.ne.jp,https://www.google.co.jp/,Mozilla/5.0 (Macintosh; Intel Mac OS X 10_11_6) AppleWebKit/537.36 (KHTML&#44; like Gecko) Chrome/54.0.2840.98 Safari/537.36,,2016/10/25 15:18
2016/11/27 19:51,,19,*.bbtec.net,http://hp.submit.ne.jp/producer/show/24592,Mozilla/5.0 (Windows NT 10.0; Win64; x64) AppleWebKit/537.36 (KHTML&#44; like Gecko) Chrome/54.0.2840.99 Safari/537.36,,0
2016/11/25 15:18,,15,*.dion.ne.jp,http://aurized-studio.jp/log/log.cgi,Mozilla/5.0 (Macintosh; Intel Mac OS X 10_11_6) AppleWebKit/537.36 (KHTML&#44; like Gecko) Chrome/54.0.2840.98 Safari/537.36,,2016/10/24 04:16
2016/11/24 22:33,뒞,22,*.bbtec.net,,Mozilla/5.0 (Windows NT 10.0; WOW64) AppleWebKit/537.36 (KHTML&#44; like Gecko) Chrome/54.0.2840.99 Safari/537.36,,0
2016/11/24 04:16,뒞,4,*.dion.ne.jp,http://aurized-studio.jp/log/log.cgi,Mozilla/5.0 (Macintosh; Intel Mac OS X 10_11_6) AppleWebKit/537.36 (KHTML&#44; like Gecko) Chrome/54.0.2840.98 Safari/537.36,,2016/10/15 03:53
2016/11/18 22:56,,22,*.ocn.ne.jp,http://search.smt.docomo.ne.jp/result?,Mozilla/5.0 (Linux; U; Android 4.3; ja-jp; SC-02E Build/JSS15J) AppleWebKit/534.30 (KHTML&#44; like Gecko) Version/4.0 Mobile Safari/534.30,,0
2016/11/18 10:51,,10,*.ocn.ne.jp,http://becoming.sakura.ne.jp/killburn/gig.html,Mozilla/5.0 (Windows NT 6.1; WOW64) AppleWebKit/537.36 (KHTML&#44; like Gecko) Chrome/54.0.2840.99 Safari/537.36,,0
2016/11/18 03:55,,3,*.search.msn.com,,Mozilla/5.0 (Windows NT 6.1; WOW64) AppleWebKit/534+ (KHTML&#44; like Gecko) BingPreview/1.0b,,0
2016/11/17 11:01,뒞,11,,http://hp.submit.ne.jp/producer/show/24592,Mozilla/5.0 (Windows NT 6.3; WOW64; Trident/7.0; rv:11.0) like Gecko,,0
2016/11/15 14:22,괉,14,*.ocn.ne.jp,https://www.google.co.jp/,Mozilla/5.0 (Windows NT 10.0; WOW64) AppleWebKit/537.36 (KHTML&#44; like Gecko) Chrome/54.0.2840.71 Safari/537.36,,0
2016/11/15 03:53,괉,3,*.dion.ne.jp,http://aurized-studio.jp/log/log.cgi,Mozilla/5.0 (Macintosh; Intel Mac OS X 10_11_6) AppleWebKit/537.36 (KHTML&#44; like Gecko) Chrome/54.0.2840.71 Safari/537.36,,2016/10/07 01:29
2016/11/13 22:52,,22,*.rev.vmobile.jp,android-app://com.google.android.googlequicksearchbox,Mozilla/5.0 (Linux; Android 5.1.1; M02 Build/V01R028A) AppleWebKit/537.36 (KHTML&#44; like Gecko) Chrome/54.0.2840.85 Mobile Safari/537.36,,0
2016/11/11 11:07,,11,*.static.zoot.jp,,Mozilla/5.0 (Windows NT 6.1; WOW64) AppleWebKit/537.36 (KHTML&#44; like Gecko) Chrome/54.0.2840.99 Safari/537.36,,0
2016/11/10 10:15,뒞,10,*.bbtec.net,http://t.co/4AFKF7bV1t,Mozilla/5.0 (iPhone; CPU iPhone OS 10_1_1 like Mac OS X) AppleWebKit/602.2.14 (KHTML&#44; like Gecko) Mobile/14B100,,0
2016/11/09 19:45,낸,19,*.bbtec.net,https://t.co/4AFKF7bV1t,Mozilla/5.0 (Linux; Android 5.0.2; SO-02G Build/23.1.B.1.317) AppleWebKit/537.36 (KHTML&#44; like Gecko) Chrome/54.0.2840.68 Mobile Safari/537.36,,0
2016/11/07 01:29,깵,1,*.dion.ne.jp,http://t.co/4AFKF7bV1t,Mozilla/5.0 (Macintosh; Intel Mac OS X 10_11_6) AppleWebKit/537.36 (KHTML&#44; like Gecko) Chrome/54.0.2840.71 Safari/537.36,,2016/09/14 22:00
2016/11/06 23:06,,23,*.cnc.jp,http://t.co/4AFKF7bV1t,Mozilla/5.0 (Windows NT 10.0; Win64; x64) AppleWebKit/537.36 (KHTML&#44; like Gecko) Chrome/54.0.2840.71 Safari/537.36,,0
2016/10/30 15:14,,15,*.au-net.ne.jp,https://www.google.co.jp/,Mozilla/5.0 (iPhone; CPU iPhone OS 10_0_2 like Mac OS X) AppleWebKit/602.1.50 (KHTML&#44; like Gecko) Version/10.0 Mobile/14A456 Safari/602.1,,0
2016/10/25 18:15,괉,18,*.ocn.ne.jp,,Mozilla/5.0 (compatible; MSIE 10.0; Windows NT 6.1; WOW64; Trident/6.0),,0
2016/10/24 16:20,깵,16,*.us.archive.org,,Mozilla/5.0 (compatible; special_archiver/3.1.1 +http://www.archive.org/details/archive.org_bot),,0
2016/10/24 02:01,깵,2,*.home.ne.jp,http://t.co/4AFKF7bV1t,Mozilla/5.0 (Windows NT 10.0; WOW64) AppleWebKit/537.36 (KHTML&#44; like Gecko) Chrome/53.0.2785.143 Safari/537.36,,0
2016/10/23 21:32,,21,*.ocn.ne.jp,http://t.co/4AFKF7bV1t,Mozilla/5.0 (Linux; Android 5.0; ASUS_Z00AD Build/LRX21V) AppleWebKit/537.36 (KHTML&#44; like Gecko) Chrome/53.0.2785.124 Mobile Safari/537.36,,0
2016/10/22 17:52,늧,17,*.ap.gmo-isp.jp,http://jilla.or.jp/about/profile.html?,Mozilla/5.0 (Macintosh; Intel Mac OS X 10_11_6) AppleWebKit/537.36 (KHTML&#44; like Gecko) Chrome/53.0.2785.143 Safari/537.36,,0
2016/10/20 04:55,뒞,4,*.fastlink.lt,,Lynx/2.8.5rel.1 libwww-FM/2.15FC SSL-MM/1.4.1c OpenSSL/0.9.7e-dev,,0
2016/10/14 22:00,,22,*.dion.ne.jp,http://aurized-studio.jp/log/log.cgi,Mozilla/5.0 (Macintosh; Intel Mac OS X 10_11_6) AppleWebKit/537.36 (KHTML&#44; like Gecko) Chrome/53.0.2785.143 Safari/537.36,,2016/09/06 10:40
2016/10/12 00:15,낸,0,*.plala.or.jp,http://www.becoming.sakura.ne.jp/Wattershed/archives.html,Mozilla/5.0 (iPhone; CPU iPhone OS 10_0_2 like Mac OS X) AppleWebKit/602.1.50 (KHTML&#44; like Gecko) Version/10.0 Mobile/14A456 Safari/602.1,,0
2016/10/06 10:40,뒞,10,*.dion.ne.jp,http://aurized-studio.jp/log/log.cgi,Mozilla/5.0 (Macintosh; Intel Mac OS X 10_11_6) AppleWebKit/537.36 (KHTML&#44; like Gecko) Chrome/53.0.2785.143 Safari/537.36,,2016/08/29 14:23
2016/10/05 20:03,낸,20,*.dy.bbexcite.jp,https://www.google.co.jp/,Mozilla/5.0 (iPhone; CPU iPhone OS 10_0_2 like Mac OS X) AppleWebKit/602.1.50 (KHTML&#44; like Gecko) Version/10.0 Mobile/14A456 Safari/602.1,,0
2016/10/04 11:42,괉,11,*.konicaminolta.jp,,Mozilla/5.0 (Windows NT 6.1; WOW64) AppleWebKit/537.36 (KHTML&#44; like Gecko) Chrome/53.0.2785.116 Safari/537.36,,0
2016/09/29 14:23,뒞,14,*.dion.ne.jp,http://t.co/4AFKF7bV1t,Mozilla/5.0 (Macintosh; Intel Mac OS X 10_11_6) AppleWebKit/537.36 (KHTML&#44; like Gecko) Chrome/53.0.2785.116 Safari/537.36,,2016/08/19 00:54
2016/09/29 12:00,뒞,12,*.ap.gmobb-fix.jp,http://t.co/4AFKF7bV1t,Mozilla/5.0 (Macintosh; Intel Mac OS X 10_11_5) AppleWebKit/537.36 (KHTML&#44; like Gecko) Chrome/53.0.2785.116 Safari/537.36,,0
2016/09/27 14:41,괉,14,*.mesh.ad.jp,http://www.sohovillage.com/AurizedStudio/,Mozilla/5.0 (Windows NT 6.3; WOW64) AppleWebKit/537.36 (KHTML&#44; like Gecko) Chrome/53.0.2785.116 Safari/537.36,,0
2016/09/24 18:01,늧,18,*.ocn.ne.jp,,Mozilla/5.0 (Windows NT 6.1; Trident/7.0; rv:11.0) like Gecko,,0
2016/09/19 00:54,깵,0,*.dion.ne.jp,http://aurized-studio.jp/log/log.cgi,Mozilla/5.0 (Macintosh; Intel Mac OS X 10_11_6) AppleWebKit/537.36 (KHTML&#44; like Gecko) Chrome/53.0.2785.116 Safari/537.36,,2016/08/09 09:33
2016/09/17 11:24,늧,11,,,Mozilla/5.0 (compatible; MSIE 9.0; Windows NT 6.1; Trident/5.0;  Trident/5.0),,0
2016/09/11 20:29,,20,*.search.msn.com,,Mozilla/5.0 (Windows NT 6.1; WOW64) AppleWebKit/534+ (KHTML&#44; like Gecko) BingPreview/1.0b,,0
2016/09/11 13:13,,13,*.dion.ne.jp,,Mozilla/5.0 (Windows NT 10.0; WOW64; Trident/7.0; rv:11.0) like Gecko,,0
2016/09/09 09:33,,9,*.dion.ne.jp,http://aurized-studio.jp/log/log.cgi,Mozilla/5.0 (Macintosh; Intel Mac OS X 10_11_6) AppleWebKit/537.36 (KHTML&#44; like Gecko) Chrome/52.0.2743.116 Safari/537.36,,2016/07/29 16:10
2016/09/08 12:15,뒞,12,*.ucom.ne.jp,,Mozilla/5.0 (Windows NT 10.0; WOW64) AppleWebKit/537.36 (KHTML&#44; like Gecko) Chrome/52.0.2743.116 Safari/537.36,,0
2016/09/06 10:40,괉,10,*.ucom.ne.jp,,Mozilla/5.0 (Windows NT 6.1; WOW64) AppleWebKit/537.36 (KHTML&#44; like Gecko) Chrome/52.0.2743.116 Safari/537.36,,0
2016/09/01 11:27,뒞,11,*.ocn.ne.jp,,Mozilla/5.0 (Windows NT 10.0; Win64; x64; rv:48.0) Gecko/20100101 Firefox/48.0,,0
2016/09/01 05:38,뒞,5,*.dion.ne.jp,https://www.google.co.jp/,Mozilla/5.0 (Windows NT 6.1; WOW64) AppleWebKit/537.36 (KHTML&#44; like Gecko) Chrome/52.0.2743.116 Safari/537.36,,0
2016/08/30 18:15,괉,18,,https://www.google.co.jp/,Mozilla/5.0 (Macintosh; Intel Mac OS X 10_11_4) AppleWebKit/537.36 (KHTML&#44; like Gecko) Chrome/52.0.2743.116 Safari/537.36,,0
2016/08/30 11:49,괉,11,*.asahi-net.or.jp,,Mozilla/5.0 (Windows NT 10.0; WOW64; rv:48.0) Gecko/20100101 Firefox/48.0,,0
2016/08/29 16:10,깵,16,*.dion.ne.jp,http://aurized-studio.jp/log/log.cgi,Mozilla/5.0 (Macintosh; Intel Mac OS X 10_11_6) AppleWebKit/537.36 (KHTML&#44; like Gecko) Chrome/52.0.2743.116 Safari/537.36,,2016/07/16 16:55
2016/08/20 16:23,늧,16,*.ocn.ne.jp,https://www.google.co.jp/,Mozilla/5.0 (Windows NT 10.0; WOW64) AppleWebKit/537.36 (KHTML&#44; like Gecko) Chrome/52.0.2743.116 Safari/537.36,,0
2016/08/16 16:55,괉,16,*.dion.ne.jp,http://aurized-studio.jp/log/log.cgi,Mozilla/5.0 (Macintosh; Intel Mac OS X 10_11_6) AppleWebKit/537.36 (KHTML&#44; like Gecko) Chrome/52.0.2743.116 Safari/537.36,,2016/07/15 19:10
2016/08/16 12:03,괉,12,,,Mozilla/5.0 (Windows NT 10.0; WOW64) AppleWebKit/537.36 (KHTML&#44; like Gecko) Chrome/52.0.2743.116 Safari/537.36,,0
2016/08/16 00:43,괉,0,*.search.msn.com,,Mozilla/5.0 (Windows NT 6.1; WOW64) AppleWebKit/534+ (KHTML&#44; like Gecko) BingPreview/1.0b,,0
2016/08/15 19:10,깵,19,*.dion.ne.jp,http://aurized-studio.jp/log/log.cgi,Mozilla/5.0 (Macintosh; Intel Mac OS X 10_11_6) AppleWebKit/537.36 (KHTML&#44; like Gecko) Chrome/52.0.2743.116 Safari/537.36,,2016/06/28 16:21
2016/08/15 19:02,깵,19,*.ocn.ne.jp,,Mozilla/5.0 (Windows NT 6.1; WOW64; Trident/7.0; rv:11.0) like Gecko,,0
2016/08/14 20:22,,20,*.sannet.ne.jp,http://t.co/4AFKF7bV1t,Mozilla/5.0 (iPhone; CPU iPhone OS 9_3_4 like Mac OS X) AppleWebKit/601.1.46 (KHTML&#44; like Gecko) Mobile/13G35 Twitter for iPhone,,0
2016/08/12 21:06,,21,*.ucom.ne.jp,http://t.co/4AFKF7bV1t,Mozilla/5.0 (Macintosh; Intel Mac OS X 10_7_5) AppleWebKit/537.36 (KHTML&#44; like Gecko) Chrome/49.0.2623.112 Safari/537.36,,0
2016/08/11 22:20,뒞,22,*.au-net.ne.jp,,Mozilla/5.0 (Windows NT 6.3; Trident/7.0; Touch; rv:11.0) like Gecko,,0
2016/08/10 13:03,낸,13,*.mesh.ad.jp,,Mozilla/5.0 (Windows NT 6.1; WOW64; Trident/7.0; rv:11.0) like Gecko,,0
2016/08/09 16:16,괉,16,*.interq.or.jp,http://hp.submit.ne.jp/producer/show/24592,Mozilla/5.0 (Windows NT 6.1; WOW64; Trident/7.0; rv:11.0) like Gecko,,0
2016/08/09 03:15,괉,3,*.search.msn.com,,Mozilla/5.0 (Windows NT 6.1; WOW64) AppleWebKit/534+ (KHTML&#44; like Gecko) BingPreview/1.0b,,0
2016/08/08 11:59,깵,11,,https://www.google.co.jp,Mozilla/5.0 (Macintosh; Intel Mac OS X 10.11; rv:47.0) Gecko/20100101 Firefox/47.0,,0
2016/08/07 05:48,,5,*.search.msn.com,,Mozilla/5.0 (Windows NT 6.1; WOW64) AppleWebKit/534+ (KHTML&#44; like Gecko) BingPreview/1.0b,,0
2016/08/04 17:40,뒞,17,*.crawl.baidu.com,,Mozilla/5.0 (Windows NT 5.1; rv:6.0.2) Gecko/20100101 Firefox/6.0.2,,0
2016/07/30 14:17,늧,14,,,Mozilla/5.0 (compatible; MSIE 9.0; Windows NT 6.0; Trident/5.0;  Trident/5.0),,0
2016/07/28 16:21,뒞,16,*.dion.ne.jp,http://aurized-studio.jp/log/log.cgi,Mozilla/5.0 (Macintosh; Intel Mac OS X 10_11_6) AppleWebKit/537.36 (KHTML&#44; like Gecko) Chrome/51.0.2704.103 Safari/537.36,,2016/06/11 12:00
2016/07/28 15:16,뒞,15,,,Mozilla/5.0 (Windows NT 6.1) AppleWebKit/537.36 (KHTML&#44; like Gecko) Chrome/51.0.2704.103 Safari/537.36,,0
2016/07/27 13:22,낸,13,*.nttpc.ne.jp,,Mozilla/5.0 (Windows NT 10.0; WOW64) AppleWebKit/537.36 (KHTML&#44; like Gecko) Chrome/51.0.2704.103 Safari/537.36,,0
2016/07/20 09:24,낸,9,*.search.msn.com,,Mozilla/5.0 (Windows NT 6.1; WOW64) AppleWebKit/534+ (KHTML&#44; like Gecko) BingPreview/1.0b,,0
2016/07/19 18:41,괉,18,*.ucom.ne.jp,,Mozilla/5.0 (Windows NT 6.1; WOW64) AppleWebKit/537.36 (KHTML&#44; like Gecko) Chrome/51.0.2704.103 Safari/537.36,,0
2016/07/19 13:48,괉,13,,http://hp.submit.ne.jp/producer/show/24592,Mozilla/5.0 (Windows NT 6.3; WOW64; Trident/7.0; rv:11.0) like Gecko,,0
2016/07/11 12:00,깵,12,*.dion.ne.jp,http://aurized-studio.jp/log/log.cgi,Mozilla/5.0 (Macintosh; Intel Mac OS X 10_11_5) AppleWebKit/537.36 (KHTML&#44; like Gecko) Chrome/51.0.2704.103 Safari/537.36,,2016/05/29 19:58
2016/07/11 09:51,깵,9,,https://www.google.co.jp/,Mozilla/5.0 (iPhone; CPU iPhone OS 9_3_1 like Mac OS X) AppleWebKit/601.1.46 (KHTML&#44; like Gecko) Version/9.0 Mobile/13E238 Safari/601.1,,0
